#
# There is insufficient memory for the Java Runtime Environment to continue.
# Native memory allocation (malloc) failed to allocate 32744 bytes for ChunkPool::allocate
# Possible reasons:
#   The system is out of physical RAM or swap space
#   In 32 bit mode, the process size limit was hit
# Possible solutions:
#   Reduce memory load on the system
#   Increase physical memory or swap space
#   Check if swap backing store is full
#   Use 64 bit Java on a 64 bit OS
#   Decrease Java heap size (-Xmx/-Xms)
#   Decrease number of Java threads
#   Decrease Java thread stack sizes (-Xss)
#   Set larger code cache with -XX:ReservedCodeCacheSize=
# This output file may be truncated or incomplete.
#
#  Out of Memory Error (allocation.cpp:273), pid=6408, tid=0x0000000000001630
#
# JRE version: OpenJDK Runtime Environment (8.0_152-b01) (build 1.8.0_152-release-915-b01)
# Java VM: OpenJDK 64-Bit Server VM (25.152-b01 mixed mode windows-amd64 compressed oops)
# Failed to write core dump. Minidumps are not enabled by default on client versions of Windows
#

---------------  T H R E A D  ---------------

Current thread (0x0000000017218800):  JavaThread "C2 CompilerThread0" daemon [_thread_in_native, id=5680, stack(0x0000000018880000,0x0000000018980000)]

Stack: [0x0000000018880000,0x0000000018980000]
[error occurred during error reporting (printing stack bounds), id 0xc0000005]

Native frames: (J=compiled Java code, j=interpreted, Vv=VM code, C=native code)


Current CompileTask:
C2:   3132 1420   !   4       java.net.URLClassLoader$1::run (63 bytes)


---------------  P R O C E S S  ---------------

Java Threads: ( => current thread )
  0x000000001ab4c000 JavaThread "Cache worker for file hash cache (C:\Tools\Android\Projets\.gradle\4.1\fileHashes)" [_thread_in_native, id=1432, stack(0x000000001cdf0000,0x000000001cef0000)]
  0x0000000019d3e000 JavaThread "File lock request listener" [_thread_in_native, id=5780, stack(0x000000001ccf0000,0x000000001cdf0000)]
  0x0000000019d3b000 JavaThread "Cache worker for file hash cache (C:\Users\fred\.gradle\caches\4.1\fileHashes)" [_thread_blocked, id=6188, stack(0x000000001c9f0000,0x000000001caf0000)]
  0x0000000019d39800 JavaThread "Stdin handler" [_thread_blocked, id=6592, stack(0x000000001c8f0000,0x000000001c9f0000)]
  0x0000000019d39000 JavaThread "Asynchronous log dispatcher for DefaultDaemonConnection: socket connection from /127.0.0.1:4599 to /127.0.0.1:4600" [_thread_blocked, id=4292, stack(0x000000001c7f0000,0x000000001c8f0000)]
  0x0000000019d3d800 JavaThread "Daemon worker" [_thread_blocked, id=4584, stack(0x000000001c6f0000,0x000000001c7f0000)]
  0x0000000019d3f800 JavaThread "Cancel handler" [_thread_blocked, id=6292, stack(0x000000001c5f0000,0x000000001c6f0000)]
  0x0000000019d3c800 JavaThread "Handler for socket connection from /127.0.0.1:4599 to /127.0.0.1:4600" [_thread_in_native, id=2760, stack(0x000000001c2f0000,0x000000001c3f0000)]
  0x0000000019d3a800 JavaThread "Daemon" [_thread_blocked, id=7792, stack(0x000000001c1f0000,0x000000001c2f0000)]
  0x0000000019d3c000 JavaThread "Daemon periodic checks" [_thread_blocked, id=1204, stack(0x000000001c0f0000,0x000000001c1f0000)]
  0x0000000019d3f000 JavaThread "Incoming local TCP Connector on port 4599" [_thread_in_native, id=5252, stack(0x000000001a950000,0x000000001aa50000)]
  0x0000000018bb3800 JavaThread "Service Thread" daemon [_thread_blocked, id=1372, stack(0x0000000018f80000,0x0000000019080000)]
  0x0000000017213800 JavaThread "C1 CompilerThread2" daemon [_thread_blocked, id=336, stack(0x0000000018a80000,0x0000000018b80000)]
  0x0000000017212800 JavaThread "C2 CompilerThread1" daemon [_thread_in_native, id=5932, stack(0x0000000018980000,0x0000000018a80000)]
=>0x0000000017218800 JavaThread "C2 CompilerThread0" daemon [_thread_in_native, id=5680, stack(0x0000000018880000,0x0000000018980000)]
  0x0000000017217000 JavaThread "Attach Listener" daemon [_thread_blocked, id=1176, stack(0x0000000018780000,0x0000000018880000)]
  0x0000000017216000 JavaThread "Signal Dispatcher" daemon [_thread_blocked, id=7708, stack(0x0000000018680000,0x0000000018780000)]
  0x00000000025ec800 JavaThread "Finalizer" daemon [_thread_blocked, id=6932, stack(0x0000000018460000,0x0000000018560000)]
  0x00000000025e1000 JavaThread "Reference Handler" daemon [_thread_blocked, id=4116, stack(0x0000000018360000,0x0000000018460000)]
  0x00000000024f2800 JavaThread "main" [_thread_blocked, id=6664, stack(0x0000000002340000,0x0000000002440000)]

Other Threads:
  0x00000000171d5800 VMThread [stack: 0x0000000018260000,0x0000000018360000] [id=408]
  0x0000000018bb5000 WatcherThread [stack: 0x0000000019080000,0x0000000019180000] [id=1156]

VM state:not at safepoint (normal execution)

VM Mutex/Monitor currently owned by a thread: None

Heap:
 PSYoungGen      total 35328K, used 13146K [0x00000000d5580000, 0x00000000da480000, 0x0000000100000000)
  eden space 32768K, 32% used [0x00000000d5580000,0x00000000d5fde8d0,0x00000000d7580000)
  from space 2560K, 98% used [0x00000000d7580000,0x00000000d77f8020,0x00000000d7800000)
  to   space 7680K, 0% used [0x00000000d9d00000,0x00000000d9d00000,0x00000000da480000)
 ParOldGen       total 44032K, used 8583K [0x0000000080000000, 0x0000000082b00000, 0x00000000d5580000)
  object space 44032K, 19% used [0x0000000080000000,0x0000000080861e60,0x0000000082b00000)
 Metaspace       used 17111K, capacity 17566K, committed 17792K, reserved 1064960K
  class space    used 2442K, capacity 2621K, committed 2688K, reserved 1048576K

Card table byte_map: [0x00000000119b0000,0x0000000011dc0000] byte_map_base: 0x00000000115b0000

Marking Bits: (ParMarkBitMap*) 0x0000000051323950
 Begin Bits: [0x0000000012470000, 0x0000000014470000)
 End Bits:   [0x0000000014470000, 0x0000000016470000)

Polling page: 0x0000000002440000

CodeCache: size=245760Kb used=5317Kb max_used=5317Kb free=240442Kb
 bounds [0x00000000025f0000, 0x0000000002b30000, 0x00000000115f0000]
 total_blobs=1927 nmethods=1549 adapters=291
 compilation: enabled

Compilation events (10 events):
Event: 3.121 Thread 0x0000000017213800 1554       3       java.util.StringTokenizer::hasMoreTokens (29 bytes)
Event: 3.121 Thread 0x0000000017213800 nmethod 1554 0x0000000002b21150 code [0x0000000002b212c0, 0x0000000002b214c8]
Event: 3.121 Thread 0x0000000017213800 1555       3       java.lang.StringBuilder::append (8 bytes)
Event: 3.121 Thread 0x0000000017213800 nmethod 1555 0x0000000002b21550 code [0x0000000002b216c0, 0x0000000002b21848]
Event: 3.122 Thread 0x0000000017213800 1556       3       java.util.StringTokenizer::setMaxDelimCodePoint (156 bytes)
Event: 3.123 Thread 0x0000000017213800 nmethod 1556 0x0000000002b218d0 code [0x0000000002b21ac0, 0x0000000002b225e8]
Event: 3.124 Thread 0x0000000017213800 1557       3       java.lang.AbstractStringBuilder::append (50 bytes)
Event: 3.125 Thread 0x0000000017213800 nmethod 1557 0x0000000002b22a50 code [0x0000000002b22c20, 0x0000000002b23378]
Event: 3.125 Thread 0x0000000017213800 1558       3       java.lang.Package::<init> (56 bytes)
Event: 3.126 Thread 0x0000000017213800 nmethod 1558 0x0000000002b23690 code [0x0000000002b237e0, 0x0000000002b23a50]

GC Heap History (10 events):
Event: 0.620 GC heap before
{Heap before GC invocations=1 (full 0):
 PSYoungGen      total 18944K, used 16384K [0x00000000d5580000, 0x00000000d6a80000, 0x0000000100000000)
  eden space 16384K, 100% used [0x00000000d5580000,0x00000000d6580000,0x00000000d6580000)
  from space 2560K, 0% used [0x00000000d6800000,0x00000000d6800000,0x00000000d6a80000)
  to   space 2560K, 0% used [0x00000000d6580000,0x00000000d6580000,0x00000000d6800000)
 ParOldGen       total 44032K, used 0K [0x0000000080000000, 0x0000000082b00000, 0x00000000d5580000)
  object space 44032K, 0% used [0x0000000080000000,0x0000000080000000,0x0000000082b00000)
 Metaspace       used 6230K, capacity 6426K, committed 6528K, reserved 1056768K
  class space    used 764K, capacity 847K, committed 896K, reserved 1048576K
Event: 0.625 GC heap after
Heap after GC invocations=1 (full 0):
 PSYoungGen      total 18944K, used 2560K [0x00000000d5580000, 0x00000000d6a80000, 0x0000000100000000)
  eden space 16384K, 0% used [0x00000000d5580000,0x00000000d5580000,0x00000000d6580000)
  from space 2560K, 100% used [0x00000000d6580000,0x00000000d6800000,0x00000000d6800000)
  to   space 2560K, 0% used [0x00000000d6800000,0x00000000d6800000,0x00000000d6a80000)
 ParOldGen       total 44032K, used 546K [0x0000000080000000, 0x0000000082b00000, 0x00000000d5580000)
  object space 44032K, 1% used [0x0000000080000000,0x0000000080088930,0x0000000082b00000)
 Metaspace       used 6230K, capacity 6426K, committed 6528K, reserved 1056768K
  class space    used 764K, capacity 847K, committed 896K, reserved 1048576K
}
Event: 0.877 GC heap before
{Heap before GC invocations=2 (full 0):
 PSYoungGen      total 18944K, used 18944K [0x00000000d5580000, 0x00000000d6a80000, 0x0000000100000000)
  eden space 16384K, 100% used [0x00000000d5580000,0x00000000d6580000,0x00000000d6580000)
  from space 2560K, 100% used [0x00000000d6580000,0x00000000d6800000,0x00000000d6800000)
  to   space 2560K, 0% used [0x00000000d6800000,0x00000000d6800000,0x00000000d6a80000)
 ParOldGen       total 44032K, used 546K [0x0000000080000000, 0x0000000082b00000, 0x00000000d5580000)
  object space 44032K, 1% used [0x0000000080000000,0x0000000080088930,0x0000000082b00000)
 Metaspace       used 6900K, capacity 7130K, committed 7424K, reserved 1056768K
  class space    used 839K, capacity 911K, committed 1024K, reserved 1048576K
Event: 0.881 GC heap after
Heap after GC invocations=2 (full 0):
 PSYoungGen      total 18944K, used 2383K [0x00000000d5580000, 0x00000000d7a80000, 0x0000000100000000)
  eden space 16384K, 0% used [0x00000000d5580000,0x00000000d5580000,0x00000000d6580000)
  from space 2560K, 93% used [0x00000000d6800000,0x00000000d6a53d30,0x00000000d6a80000)
  to   space 2560K, 0% used [0x00000000d6580000,0x00000000d6580000,0x00000000d6800000)
 ParOldGen       total 44032K, used 554K [0x0000000080000000, 0x0000000082b00000, 0x00000000d5580000)
  object space 44032K, 1% used [0x0000000080000000,0x000000008008a930,0x0000000082b00000)
 Metaspace       used 6900K, capacity 7130K, committed 7424K, reserved 1056768K
  class space    used 839K, capacity 911K, committed 1024K, reserved 1048576K
}
Event: 1.205 GC heap before
{Heap before GC invocations=3 (full 0):
 PSYoungGen      total 18944K, used 18767K [0x00000000d5580000, 0x00000000d7a80000, 0x0000000100000000)
  eden space 16384K, 100% used [0x00000000d5580000,0x00000000d6580000,0x00000000d6580000)
  from space 2560K, 93% used [0x00000000d6800000,0x00000000d6a53d30,0x00000000d6a80000)
  to   space 2560K, 0% used [0x00000000d6580000,0x00000000d6580000,0x00000000d6800000)
 ParOldGen       total 44032K, used 554K [0x0000000080000000, 0x0000000082b00000, 0x00000000d5580000)
  object space 44032K, 1% used [0x0000000080000000,0x000000008008a930,0x0000000082b00000)
 Metaspace       used 8616K, capacity 8878K, committed 8960K, reserved 1056768K
  class space    used 1106K, capacity 1233K, committed 1280K, reserved 1048576K
Event: 1.208 GC heap after
Heap after GC invocations=3 (full 0):
 PSYoungGen      total 18944K, used 2544K [0x00000000d5580000, 0x00000000d7a80000, 0x0000000100000000)
  eden space 16384K, 0% used [0x00000000d5580000,0x00000000d5580000,0x00000000d6580000)
  from space 2560K, 99% used [0x00000000d6580000,0x00000000d67fc010,0x00000000d6800000)
  to   space 2560K, 0% used [0x00000000d7800000,0x00000000d7800000,0x00000000d7a80000)
 ParOldGen       total 44032K, used 1532K [0x0000000080000000, 0x0000000082b00000, 0x00000000d5580000)
  object space 44032K, 3% used [0x0000000080000000,0x000000008017f248,0x0000000082b00000)
 Metaspace       used 8616K, capacity 8878K, committed 8960K, reserved 1056768K
  class space    used 1106K, capacity 1233K, committed 1280K, reserved 1048576K
}
Event: 2.162 GC heap before
{Heap before GC invocations=4 (full 0):
 PSYoungGen      total 18944K, used 18928K [0x00000000d5580000, 0x00000000d7a80000, 0x0000000100000000)
  eden space 16384K, 100% used [0x00000000d5580000,0x00000000d6580000,0x00000000d6580000)
  from space 2560K, 99% used [0x00000000d6580000,0x00000000d67fc010,0x00000000d6800000)
  to   space 2560K, 0% used [0x00000000d7800000,0x00000000d7800000,0x00000000d7a80000)
 ParOldGen       total 44032K, used 1532K [0x0000000080000000, 0x0000000082b00000, 0x00000000d5580000)
  object space 44032K, 3% used [0x0000000080000000,0x000000008017f248,0x0000000082b00000)
 Metaspace       used 12379K, capacity 12780K, committed 12928K, reserved 1060864K
  class space    used 1674K, capacity 1802K, committed 1920K, reserved 1048576K
Event: 2.173 GC heap after
Heap after GC invocations=4 (full 0):
 PSYoungGen      total 35328K, used 2544K [0x00000000d5580000, 0x00000000d7a80000, 0x0000000100000000)
  eden space 32768K, 0% used [0x00000000d5580000,0x00000000d5580000,0x00000000d7580000)
  from space 2560K, 99% used [0x00000000d7800000,0x00000000d7a7c030,0x00000000d7a80000)
  to   space 2560K, 0% used [0x00000000d7580000,0x00000000d7580000,0x00000000d7800000)
 ParOldGen       total 44032K, used 4165K [0x0000000080000000, 0x0000000082b00000, 0x00000000d5580000)
  object space 44032K, 9% used [0x0000000080000000,0x0000000080411780,0x0000000082b00000)
 Metaspace       used 12379K, capacity 12780K, committed 12928K, reserved 1060864K
  class space    used 1674K, capacity 1802K, committed 1920K, reserved 1048576K
}
Event: 2.679 GC heap before
{Heap before GC invocations=5 (full 0):
 PSYoungGen      total 35328K, used 35312K [0x00000000d5580000, 0x00000000d7a80000, 0x0000000100000000)
  eden space 32768K, 100% used [0x00000000d5580000,0x00000000d7580000,0x00000000d7580000)
  from space 2560K, 99% used [0x00000000d7800000,0x00000000d7a7c030,0x00000000d7a80000)
  to   space 2560K, 0% used [0x00000000d7580000,0x00000000d7580000,0x00000000d7800000)
 ParOldGen       total 44032K, used 4165K [0x0000000080000000, 0x0000000082b00000, 0x00000000d5580000)
  object space 44032K, 9% used [0x0000000080000000,0x0000000080411780,0x0000000082b00000)
 Metaspace       used 15773K, capacity 16176K, committed 16512K, reserved 1062912K
  class space    used 2221K, capacity 2316K, committed 2432K, reserved 1048576K
Event: 2.693 GC heap after
Heap after GC invocations=5 (full 0):
 PSYoungGen      total 35328K, used 2528K [0x00000000d5580000, 0x00000000da480000, 0x0000000100000000)
  eden space 32768K, 0% used [0x00000000d5580000,0x00000000d5580000,0x00000000d7580000)
  from space 2560K, 98% used [0x00000000d7580000,0x00000000d77f8020,0x00000000d7800000)
  to   space 7680K, 0% used [0x00000000d9d00000,0x00000000d9d00000,0x00000000da480000)
 ParOldGen       total 44032K, used 8583K [0x0000000080000000, 0x0000000082b00000, 0x00000000d5580000)
  object space 44032K, 19% used [0x0000000080000000,0x0000000080861e60,0x0000000082b00000)
 Metaspace       used 15773K, capacity 16176K, committed 16512K, reserved 1062912K
  class space    used 2221K, capacity 2316K, committed 2432K, reserved 1048576K
}

Deoptimization events (10 events):
Event: 2.353 Thread 0x0000000019d3d800 Uncommon trap: reason=class_check action=maybe_recompile pc=0x000000000285851c method=java.util.regex.Matcher.match(II)Z @ 86
Event: 2.417 Thread 0x0000000019d3d800 Uncommon trap: reason=unstable_if action=reinterpret pc=0x0000000002a483f4 method=java.lang.String.lastIndexOf([CII[CIII)I @ 66
Event: 2.696 Thread 0x0000000019d3d800 Uncommon trap: reason=unstable_if action=reinterpret pc=0x0000000002741c48 method=java.net.URI.match(CJJ)Z @ 19
Event: 2.696 Thread 0x0000000019d3d800 Uncommon trap: reason=unstable_if action=reinterpret pc=0x0000000002885840 method=java.net.URI.match(CJJ)Z @ 19
Event: 2.999 Thread 0x0000000019d3d800 Uncommon trap: reason=bimorphic action=maybe_recompile pc=0x0000000002a59af0 method=java.lang.ClassLoader.loadClass(Ljava/lang/String;Z)Ljava/lang/Class; @ 38
Event: 3.004 Thread 0x0000000019d3d800 Uncommon trap: reason=bimorphic action=maybe_recompile pc=0x0000000002a59af0 method=java.lang.ClassLoader.loadClass(Ljava/lang/String;Z)Ljava/lang/Class; @ 38
Event: 3.004 Thread 0x0000000019d3d800 Uncommon trap: reason=bimorphic action=maybe_recompile pc=0x0000000002a59af0 method=java.lang.ClassLoader.loadClass(Ljava/lang/String;Z)Ljava/lang/Class; @ 38
Event: 3.005 Thread 0x0000000019d3d800 Uncommon trap: reason=bimorphic action=maybe_recompile pc=0x0000000002a59af0 method=java.lang.ClassLoader.loadClass(Ljava/lang/String;Z)Ljava/lang/Class; @ 38
Event: 3.120 Thread 0x0000000019d3d800 Uncommon trap: reason=unstable_if action=reinterpret pc=0x00000000028b0f48 method=java.lang.AbstractStringBuilder.append(Ljava/lang/String;)Ljava/lang/AbstractStringBuilder; @ 1
Event: 3.120 Thread 0x0000000019d3d800 Uncommon trap: reason=unstable_if action=reinterpret pc=0x00000000027efe70 method=java.lang.AbstractStringBuilder.append(Ljava/lang/String;)Ljava/lang/AbstractStringBuilder; @ 1

Classes redefined (0 events):
No events

Internal exceptions (10 events):
Event: 3.030 Thread 0x0000000019d3d800 Exception <a 'java/lang/NoSuchMethodError': <clinit>> (0x00000000d5be1600) thrown at [D:\src\AOSP-openjdk-cygwin\jdk8u\hotspot\src\share\vm\prims\jni.cpp, line 1613]
Event: 3.032 Thread 0x0000000019d3d800 Exception <a 'java/lang/NoSuchMethodError': <clinit>> (0x00000000d5bf4300) thrown at [D:\src\AOSP-openjdk-cygwin\jdk8u\hotspot\src\share\vm\prims\jni.cpp, line 1613]
Event: 3.033 Thread 0x0000000019d3d800 Exception <a 'java/lang/NoSuchMethodError': <clinit>> (0x00000000d5bfd9c8) thrown at [D:\src\AOSP-openjdk-cygwin\jdk8u\hotspot\src\share\vm\prims\jni.cpp, line 1613]
Event: 3.036 Thread 0x0000000019d3d800 Exception <a 'java/lang/NoSuchMethodError': <clinit>> (0x00000000d5c0b448) thrown at [D:\src\AOSP-openjdk-cygwin\jdk8u\hotspot\src\share\vm\prims\jni.cpp, line 1613]
Event: 3.037 Thread 0x0000000019d3d800 Exception <a 'java/lang/NoSuchMethodError': <clinit>> (0x00000000d5c17b38) thrown at [D:\src\AOSP-openjdk-cygwin\jdk8u\hotspot\src\share\vm\prims\jni.cpp, line 1613]
Event: 3.044 Thread 0x0000000019d3d800 Exception <a 'java/lang/NoSuchMethodError': <clinit>> (0x00000000d5c6a9d8) thrown at [D:\src\AOSP-openjdk-cygwin\jdk8u\hotspot\src\share\vm\prims\jni.cpp, line 1613]
Event: 3.045 Thread 0x0000000019d3d800 Exception <a 'java/lang/NoSuchMethodError': <clinit>> (0x00000000d5c6e698) thrown at [D:\src\AOSP-openjdk-cygwin\jdk8u\hotspot\src\share\vm\prims\jni.cpp, line 1613]
Event: 3.045 Thread 0x0000000019d3d800 Exception <a 'java/lang/NoSuchMethodError': <clinit>> (0x00000000d5c701a0) thrown at [D:\src\AOSP-openjdk-cygwin\jdk8u\hotspot\src\share\vm\prims\jni.cpp, line 1613]
Event: 3.120 Thread 0x0000000019d3d800 Implicit null exception at 0x00000000028b0b96 to 0x00000000028b0f31
Event: 3.120 Thread 0x0000000019d3d800 Implicit null exception at 0x00000000027efa99 to 0x00000000027efe59

Events (10 events):
Event: 3.123 loading class sun/util/resources/en/CalendarData_en
Event: 3.123 loading class sun/util/resources/en/CalendarData_en done
Event: 3.124 loading class sun/text/resources/en/FormatData_en
Event: 3.124 loading class sun/text/resources/en/FormatData_en done
Event: 3.124 loading class sun/text/resources/en/FormatData_en_US
Event: 3.124 loading class sun/text/resources/en/FormatData_en_US done
Event: 3.124 loading class sun/util/resources/en/CurrencyNames_en_US
Event: 3.124 loading class sun/util/resources/en/CurrencyNames_en_US done
Event: 3.125 loading class org/apache/commons/io/IOUtils
Event: 3.125 loading class org/apache/commons/io/IOUtils done


Dynamic libraries:
0x00007ff7f2c40000 - 0x00007ff7f2c71000 	C:\Tools\Android\Android Studio\jre\bin\java.exe
0x00007ff953100000 - 0x00007ff9532e1000 	C:\WINDOWS\SYSTEM32\ntdll.dll
0x00007ff950880000 - 0x00007ff950932000 	C:\WINDOWS\System32\KERNEL32.DLL
0x00007ff94f4d0000 - 0x00007ff94f743000 	C:\WINDOWS\System32\KERNELBASE.dll
0x00007ff94d770000 - 0x00007ff94d7fb000 	C:\WINDOWS\SYSTEM32\apphelp.dll
0x00007ff952ee0000 - 0x00007ff952f81000 	C:\WINDOWS\System32\ADVAPI32.dll
0x00007ff952690000 - 0x00007ff95272e000 	C:\WINDOWS\System32\msvcrt.dll
0x00007ff952d00000 - 0x00007ff952d5b000 	C:\WINDOWS\System32\sechost.dll
0x00007ff9527a0000 - 0x00007ff9528c4000 	C:\WINDOWS\System32\RPCRT4.dll
0x00007ff9506f0000 - 0x00007ff950880000 	C:\WINDOWS\System32\USER32.dll
0x00007ff9501e0000 - 0x00007ff950200000 	C:\WINDOWS\System32\win32u.dll
0x00007ff952f90000 - 0x00007ff952fb8000 	C:\WINDOWS\System32\GDI32.dll
0x00007ff950200000 - 0x00007ff950392000 	C:\WINDOWS\System32\gdi32full.dll
0x00007ff94fa30000 - 0x00007ff94facf000 	C:\WINDOWS\System32\msvcp_win.dll
0x00007ff94f7d0000 - 0x00007ff94f8ca000 	C:\WINDOWS\System32\ucrtbase.dll
0x00007ff941f30000 - 0x00007ff942199000 	C:\WINDOWS\WinSxS\amd64_microsoft.windows.common-controls_6595b64144ccf1df_6.0.17134.137_none_fb44974530639b67\COMCTL32.dll
0x00007ff950ec0000 - 0x00007ff9511e3000 	C:\WINDOWS\System32\combase.dll
0x00007ff94f750000 - 0x00007ff94f7ca000 	C:\WINDOWS\System32\bcryptPrimitives.dll
0x00007ff952cd0000 - 0x00007ff952cfd000 	C:\WINDOWS\System32\IMM32.DLL
0x0000000050a80000 - 0x0000000050b52000 	C:\Tools\Android\Android Studio\jre\jre\bin\msvcr100.dll
0x0000000050b60000 - 0x000000005139e000 	C:\Tools\Android\Android Studio\jre\jre\bin\server\jvm.dll
0x00007ff952cc0000 - 0x00007ff952cc8000 	C:\WINDOWS\System32\PSAPI.DLL
0x00007ff93d1d0000 - 0x00007ff93d1da000 	C:\WINDOWS\SYSTEM32\VERSION.dll
0x00007ff93a3b0000 - 0x00007ff93a3b9000 	C:\WINDOWS\SYSTEM32\WSOCK32.dll
0x00007ff94c290000 - 0x00007ff94c2b3000 	C:\WINDOWS\SYSTEM32\WINMM.dll
0x00007ff9528d0000 - 0x00007ff95293c000 	C:\WINDOWS\System32\WS2_32.dll
0x00007ff94c260000 - 0x00007ff94c28a000 	C:\WINDOWS\SYSTEM32\winmmbase.dll
0x00007ff94f930000 - 0x00007ff94f979000 	C:\WINDOWS\System32\cfgmgr32.dll
0x00007ff9472b0000 - 0x00007ff9472bf000 	C:\Tools\Android\Android Studio\jre\jre\bin\verify.dll
0x00007ff942d70000 - 0x00007ff942d99000 	C:\Tools\Android\Android Studio\jre\jre\bin\java.dll
0x00007ff9468f0000 - 0x00007ff946906000 	C:\Tools\Android\Android Studio\jre\jre\bin\zip.dll
0x00007ff9511f0000 - 0x00007ff952630000 	C:\WINDOWS\System32\SHELL32.dll
0x00007ff952fc0000 - 0x00007ff953069000 	C:\WINDOWS\System32\shcore.dll
0x00007ff94fad0000 - 0x00007ff9501dd000 	C:\WINDOWS\System32\windows.storage.dll
0x00007ff952730000 - 0x00007ff952781000 	C:\WINDOWS\System32\shlwapi.dll
0x00007ff94f490000 - 0x00007ff94f4a1000 	C:\WINDOWS\System32\kernel.appcore.dll
0x00007ff94f460000 - 0x00007ff94f47f000 	C:\WINDOWS\System32\profapi.dll
0x00007ff94f410000 - 0x00007ff94f45c000 	C:\WINDOWS\System32\powrprof.dll
0x00007ff94f480000 - 0x00007ff94f48a000 	C:\WINDOWS\System32\FLTLIB.DLL
0x00007ff946720000 - 0x00007ff94673a000 	C:\Tools\Android\Android Studio\jre\jre\bin\net.dll
0x00007ff94ec30000 - 0x00007ff94ec96000 	C:\WINDOWS\system32\mswsock.dll
0x00007ff9428c0000 - 0x00007ff9428d1000 	C:\Tools\Android\Android Studio\jre\jre\bin\nio.dll
0x00007ff940830000 - 0x00007ff94084e000 	C:\Users\fred\.gradle\native\25\windows-amd64\native-platform.dll
0x00007ff946890000 - 0x00007ff94689d000 	C:\Tools\Android\Android Studio\jre\jre\bin\management.dll
0x00007ff94ee40000 - 0x00007ff94ee57000 	C:\WINDOWS\SYSTEM32\CRYPTSP.dll
0x00007ff94e810000 - 0x00007ff94e843000 	C:\WINDOWS\system32\rsaenh.dll
0x00007ff94ef70000 - 0x00007ff94ef95000 	C:\WINDOWS\SYSTEM32\bcrypt.dll
0x00007ff94f310000 - 0x00007ff94f338000 	C:\WINDOWS\SYSTEM32\USERENV.dll
0x00007ff94ee60000 - 0x00007ff94ee6b000 	C:\WINDOWS\SYSTEM32\CRYPTBASE.dll
0x00007ff94e9b0000 - 0x00007ff94e9e8000 	C:\WINDOWS\SYSTEM32\IPHLPAPI.DLL
0x00007ff950eb0000 - 0x00007ff950eb8000 	C:\WINDOWS\System32\NSI.dll
0x00007ff9470b0000 - 0x00007ff9470c6000 	C:\WINDOWS\SYSTEM32\dhcpcsvc6.DLL
0x00007ff946910000 - 0x00007ff94692a000 	C:\WINDOWS\SYSTEM32\dhcpcsvc.DLL

VM Arguments:
jvm_args: -XX:MaxPermSize=512m -XX:+HeapDumpOnOutOfMemoryError -Xmx2048m -Dfile.encoding=UTF-8 -Duser.country=FR -Duser.language=fr -Duser.variant 
java_command: org.gradle.launcher.daemon.bootstrap.GradleDaemon 4.1
java_class_path (initial): C:\Users\fred\.gradle\wrapper\dists\gradle-4.1-all\bzyivzo6n839fup2jbap0tjew\gradle-4.1\lib\gradle-launcher-4.1.jar
Launcher Type: SUN_STANDARD

Environment Variables:
PATH=C:\Program Files (x86)\Common Files\Oracle\Java\javapath;C:\ProgramData\Oracle\Java\javapath;C:\Program Files (x86)\Intel\iCLS Client\;C:\Program Files\Intel\iCLS Client\;C:\WINDOWS\system32;C:\WINDOWS;C:\WINDOWS\System32\Wbem;C:\WINDOWS\System32\WindowsPowerShell\v1.0\;C:\Program Files (x86)\Intel\Intel(R) Management Engine Components\DAL;C:\Program Files\Intel\Intel(R) Management Engine Components\DAL;C:\Program Files (x86)\Intel\Intel(R) Management Engine Components\IPT;C:\Program Files\Intel\Intel(R) Management Engine Components\IPT;C:\tools\Brackets\command;C:\tools\nodejs\;C:\ProgramData\ComposerSetup\bin;C:\wamp64\bin\php\php7.1.9;C:\tools\PuTTY\;C:\Program Files\Intel\WiFi\bin\;C:\Program Files\Common Files\Intel\WirelessCommon\;C:\WINDOWS\System32\OpenSSH\;C:\Users\fred\AppData\Local\Microsoft\WindowsApps;C:\tools\VisualStudio Code\bin;C:\Tools;C:\Users\fred\AppData\Roaming\npm;C:\Users\fred\AppData\Roaming\Composer\vendor\bin;C:\Program Files\Intel\WiFi\bin\;C:\Program Files\Common Files\Intel\WirelessCommon\;
USERNAME=fred
OS=Windows_NT
PROCESSOR_IDENTIFIER=Intel64 Family 6 Model 142 Stepping 9, GenuineIntel



---------------  S Y S T E M  ---------------

OS: Windows 10.0 , 64 bit Build 17134 (10.0.17134.1)

CPU:total 4 (initial active 4) (2 cores per cpu, 2 threads per core) family 6 model 142 stepping 9, cmov, cx8, fxsr, mmx, sse, sse2, sse3, ssse3, sse4.1, sse4.2, popcnt, avx, avx2, aes, clmul, erms, 3dnowpref, lzcnt, ht, tsc, tscinvbit, bmi1, bmi2, adx

Memory: 4k page, physical 4066916k(391364k free), swap 6213220k(4120k free)

vm_info: OpenJDK 64-Bit Server VM (25.152-b01) for windows-amd64 JRE (1.8.0_152-release-915-b01), built by "builder" with MS VC++ 10.0 (VS2010)

time: Tue Jul 10 12:14:21 2018
elapsed time: 3 seconds (0d 0h 0m 3s)

