#
# There is insufficient memory for the Java Runtime Environment to continue.
# Native memory allocation (malloc) failed to allocate 751456 bytes for Chunk::new
# Possible reasons:
#   The system is out of physical RAM or swap space
#   In 32 bit mode, the process size limit was hit
# Possible solutions:
#   Reduce memory load on the system
#   Increase physical memory or swap space
#   Check if swap backing store is full
#   Use 64 bit Java on a 64 bit OS
#   Decrease Java heap size (-Xmx/-Xms)
#   Decrease number of Java threads
#   Decrease Java thread stack sizes (-Xss)
#   Set larger code cache with -XX:ReservedCodeCacheSize=
# This output file may be truncated or incomplete.
#
#  Out of Memory Error (allocation.cpp:390), pid=6948, tid=0x0000000000000508
#
# JRE version: OpenJDK Runtime Environment (8.0_152-b01) (build 1.8.0_152-release-915-b01)
# Java VM: OpenJDK 64-Bit Server VM (25.152-b01 mixed mode windows-amd64 compressed oops)
# Failed to write core dump. Minidumps are not enabled by default on client versions of Windows
#

---------------  T H R E A D  ---------------

Current thread (0x0000000017d39000):  JavaThread "C2 CompilerThread0" daemon [_thread_in_native, id=1288, stack(0x00000000193d0000,0x00000000194d0000)]

Stack: [0x00000000193d0000,0x00000000194d0000]
[error occurred during error reporting (printing stack bounds), id 0xc0000005]

Native frames: (J=compiled Java code, j=interpreted, Vv=VM code, C=native code)


Current CompileTask:
C2:  18886 3971       4       java.net.URLClassLoader$1::run (5 bytes)


---------------  P R O C E S S  ---------------

Java Threads: ( => current thread )
  0x000000001f91c000 JavaThread "Memory manager" [_thread_blocked, id=2336, stack(0x0000000022570000,0x0000000022670000)]
  0x000000001f91a800 JavaThread "build operations Thread 4" [_thread_blocked, id=5456, stack(0x0000000021d70000,0x0000000021e70000)]
  0x000000001f920000 JavaThread "build operations Thread 3" [_thread_blocked, id=4152, stack(0x0000000021c70000,0x0000000021d70000)]
  0x000000001f91d800 JavaThread "build operations Thread 2" [_thread_blocked, id=6560, stack(0x0000000021b70000,0x0000000021c70000)]
  0x000000001f921800 JavaThread "build operations" [_thread_blocked, id=2272, stack(0x000000001ff40000,0x0000000020040000)]
  0x000000001f91d000 JavaThread "Cache worker for Artifact transforms cache (C:\Users\fred\.gradle\caches\transforms-1)" [_thread_blocked, id=5340, stack(0x000000001fbc0000,0x000000001fcc0000)]
  0x000000001b160000 JavaThread "Cache worker for file hash cache (C:\Tools\Android\Projets\.gradle\4.1\fileHashes)" [_thread_blocked, id=5960, stack(0x000000001e8f0000,0x000000001e9f0000)]
  0x000000001b2b4800 JavaThread "File lock request listener" [_thread_in_native, id=2904, stack(0x000000001d820000,0x000000001d920000)]
  0x000000001b281000 JavaThread "Cache worker for file hash cache (C:\Users\fred\.gradle\caches\4.1\fileHashes)" [_thread_blocked, id=7748, stack(0x000000001d520000,0x000000001d620000)]
  0x000000001ab0a000 JavaThread "Stdin handler" [_thread_blocked, id=3776, stack(0x000000001c450000,0x000000001c550000)]
  0x000000001b379000 JavaThread "Asynchronous log dispatcher for DefaultDaemonConnection: socket connection from /127.0.0.1:4545 to /127.0.0.1:4546" [_thread_blocked, id=1696, stack(0x000000001c350000,0x000000001c450000)]
  0x000000001ab26800 JavaThread "Daemon worker" [_thread_in_vm, id=4968, stack(0x000000001c250000,0x000000001c350000)]
  0x000000001ab0f800 JavaThread "Cancel handler" [_thread_blocked, id=6044, stack(0x000000001c150000,0x000000001c250000)]
  0x000000001a960800 JavaThread "Handler for socket connection from /127.0.0.1:4545 to /127.0.0.1:4546" [_thread_in_native, id=248, stack(0x000000001be50000,0x000000001bf50000)]
  0x000000001adb5000 JavaThread "Daemon" [_thread_blocked, id=6152, stack(0x000000001bd50000,0x000000001be50000)]
  0x000000001abff000 JavaThread "Daemon periodic checks" [_thread_blocked, id=4796, stack(0x000000001bc50000,0x000000001bd50000)]
  0x000000001adb7800 JavaThread "Incoming local TCP Connector on port 4545" [_thread_in_native, id=828, stack(0x000000001b9e0000,0x000000001bae0000)]
  0x00000000196f0800 JavaThread "Service Thread" daemon [_thread_blocked, id=5540, stack(0x0000000019ad0000,0x0000000019bd0000)]
  0x0000000017d42000 JavaThread "C1 CompilerThread2" daemon [_thread_blocked, id=6568, stack(0x00000000195d0000,0x00000000196d0000)]
  0x0000000017d3e000 JavaThread "C2 CompilerThread1" daemon [_thread_blocked, id=2328, stack(0x00000000194d0000,0x00000000195d0000)]
=>0x0000000017d39000 JavaThread "C2 CompilerThread0" daemon [_thread_in_native, id=1288, stack(0x00000000193d0000,0x00000000194d0000)]
  0x0000000017d47800 JavaThread "Attach Listener" daemon [_thread_blocked, id=2192, stack(0x00000000192d0000,0x00000000193d0000)]
  0x0000000017d46800 JavaThread "Signal Dispatcher" daemon [_thread_blocked, id=3884, stack(0x00000000191d0000,0x00000000192d0000)]
  0x0000000017d28800 JavaThread "Finalizer" daemon [_thread_blocked, id=600, stack(0x0000000018fb0000,0x00000000190b0000)]
  0x0000000003111000 JavaThread "Reference Handler" daemon [_thread_blocked, id=2204, stack(0x0000000018eb0000,0x0000000018fb0000)]
  0x0000000003022800 JavaThread "main" [_thread_blocked, id=6768, stack(0x0000000002e30000,0x0000000002f30000)]

Other Threads:
  0x0000000017d05800 VMThread [stack: 0x0000000018db0000,0x0000000018eb0000] [id=2148]
  0x00000000196f1000 WatcherThread [stack: 0x0000000019bd0000,0x0000000019cd0000] [id=2748]

VM state:not at safepoint (normal execution)

VM Mutex/Monitor currently owned by a thread: None

Heap:
 PSYoungGen      total 57856K, used 7703K [0x00000000d5580000, 0x00000000d9b00000, 0x0000000100000000)
  eden space 46080K, 16% used [0x00000000d5580000,0x00000000d5d05fd0,0x00000000d8280000)
  from space 11776K, 0% used [0x00000000d8280000,0x00000000d8280000,0x00000000d8e00000)
  to   space 11776K, 0% used [0x00000000d8f80000,0x00000000d8f80000,0x00000000d9b00000)
 ParOldGen       total 42496K, used 15267K [0x0000000080000000, 0x0000000082980000, 0x00000000d5580000)
  object space 42496K, 35% used [0x0000000080000000,0x0000000080ee8ff8,0x0000000082980000)
 Metaspace       used 38178K, capacity 39010K, committed 39128K, reserved 1087488K
  class space    used 5181K, capacity 5526K, committed 5632K, reserved 1048576K

Card table byte_map: [0x00000000124e0000,0x00000000128f0000] byte_map_base: 0x00000000120e0000

Marking Bits: (ParMarkBitMap*) 0x0000000051323950
 Begin Bits: [0x0000000012fa0000, 0x0000000014fa0000)
 End Bits:   [0x0000000014fa0000, 0x0000000016fa0000)

Polling page: 0x0000000001580000

CodeCache: size=245760Kb used=12586Kb max_used=12795Kb free=233173Kb
 bounds [0x0000000003120000, 0x0000000003dc0000, 0x0000000012120000]
 total_blobs=4251 nmethods=3542 adapters=622
 compilation: enabled

Compilation events (10 events):
Event: 18.870 Thread 0x0000000017d42000 nmethod 4030 0x0000000003ae7cd0 code [0x0000000003ae7e40, 0x0000000003ae80e8]
Event: 18.870 Thread 0x0000000017d42000 4031       3       com.google.common.collect.ImmutableMap::entrySet (5 bytes)
Event: 18.870 Thread 0x0000000017d42000 nmethod 4031 0x0000000003ae78d0 code [0x0000000003ae7a40, 0x0000000003ae7c48]
Event: 18.871 Thread 0x0000000017d42000 4032       3       com.google.common.collect.NaturalOrdering::compare (13 bytes)
Event: 18.871 Thread 0x0000000017d42000 nmethod 4032 0x0000000003ae6c10 code [0x0000000003ae6de0, 0x0000000003ae7588]
Event: 18.872 Thread 0x0000000017d42000 4033       3       com.google.common.collect.NaturalOrdering::compare (18 bytes)
Event: 18.872 Thread 0x0000000017d42000 nmethod 4033 0x0000000003ae6390 code [0x0000000003ae6540, 0x0000000003ae69e8]
Event: 18.879 Thread 0x0000000017d42000 4034       3       java.lang.StringBuilder::append (6 bytes)
Event: 18.879 Thread 0x0000000017d42000 nmethod 4034 0x0000000003ae5ed0 code [0x0000000003ae6040, 0x0000000003ae62a8]
Event: 18.879 Thread 0x0000000017d42000 4035       3       com.google.common.collect.AbstractIterator::hasNext (65 bytes)

GC Heap History (10 events):
Event: 18.323 GC heap before
{Heap before GC invocations=16 (full 3):
 PSYoungGen      total 57856K, used 2484K [0x00000000d5580000, 0x00000000da100000, 0x0000000100000000)
  eden space 46592K, 0% used [0x00000000d5580000,0x00000000d5580000,0x00000000d8300000)
  from space 11264K, 22% used [0x00000000d8300000,0x00000000d856d138,0x00000000d8e00000)
  to   space 10752K, 0% used [0x00000000d8e00000,0x00000000d8e00000,0x00000000d9880000)
 ParOldGen       total 42496K, used 14653K [0x0000000080000000, 0x0000000082980000, 0x00000000d5580000)
  object space 42496K, 34% used [0x0000000080000000,0x0000000080e4f6e8,0x0000000082980000)
 Metaspace       used 37522K, capacity 38370K, committed 38488K, reserved 1087488K
  class space    used 5073K, capacity 5398K, committed 5504K, reserved 1048576K
Event: 18.489 GC heap after
Heap after GC invocations=16 (full 3):
 PSYoungGen      total 57856K, used 0K [0x00000000d5580000, 0x00000000da100000, 0x0000000100000000)
  eden space 46592K, 0% used [0x00000000d5580000,0x00000000d5580000,0x00000000d8300000)
  from space 11264K, 0% used [0x00000000d8300000,0x00000000d8300000,0x00000000d8e00000)
  to   space 10752K, 0% used [0x00000000d8e00000,0x00000000d8e00000,0x00000000d9880000)
 ParOldGen       total 42496K, used 16592K [0x0000000080000000, 0x0000000082980000, 0x00000000d5580000)
  object space 42496K, 39% used [0x0000000080000000,0x00000000810340c0,0x0000000082980000)
 Metaspace       used 37522K, capacity 38370K, committed 38488K, reserved 1085440K
  class space    used 5073K, capacity 5398K, committed 5504K, reserved 1048576K
}
Event: 18.489 GC heap before
{Heap before GC invocations=17 (full 3):
 PSYoungGen      total 57856K, used 0K [0x00000000d5580000, 0x00000000da100000, 0x0000000100000000)
  eden space 46592K, 0% used [0x00000000d5580000,0x00000000d5580000,0x00000000d8300000)
  from space 11264K, 0% used [0x00000000d8300000,0x00000000d8300000,0x00000000d8e00000)
  to   space 10752K, 0% used [0x00000000d8e00000,0x00000000d8e00000,0x00000000d9880000)
 ParOldGen       total 42496K, used 16592K [0x0000000080000000, 0x0000000082980000, 0x00000000d5580000)
  object space 42496K, 39% used [0x0000000080000000,0x00000000810340c0,0x0000000082980000)
 Metaspace       used 37522K, capacity 38370K, committed 38488K, reserved 1089536K
  class space    used 5073K, capacity 5398K, committed 5504K, reserved 1048576K
Event: 18.490 GC heap after
Heap after GC invocations=17 (full 3):
 PSYoungGen      total 56832K, used 0K [0x00000000d5580000, 0x00000000da000000, 0x0000000100000000)
  eden space 46080K, 0% used [0x00000000d5580000,0x00000000d5580000,0x00000000d8280000)
  from space 10752K, 0% used [0x00000000d8e00000,0x00000000d8e00000,0x00000000d9880000)
  to   space 11776K, 0% used [0x00000000d8280000,0x00000000d8280000,0x00000000d8e00000)
 ParOldGen       total 42496K, used 16592K [0x0000000080000000, 0x0000000082980000, 0x00000000d5580000)
  object space 42496K, 39% used [0x0000000080000000,0x00000000810340c0,0x0000000082980000)
 Metaspace       used 37522K, capacity 38370K, committed 38488K, reserved 1089536K
  class space    used 5073K, capacity 5398K, committed 5504K, reserved 1048576K
}
Event: 18.490 GC heap before
{Heap before GC invocations=18 (full 4):
 PSYoungGen      total 56832K, used 0K [0x00000000d5580000, 0x00000000da000000, 0x0000000100000000)
  eden space 46080K, 0% used [0x00000000d5580000,0x00000000d5580000,0x00000000d8280000)
  from space 10752K, 0% used [0x00000000d8e00000,0x00000000d8e00000,0x00000000d9880000)
  to   space 11776K, 0% used [0x00000000d8280000,0x00000000d8280000,0x00000000d8e00000)
 ParOldGen       total 42496K, used 16592K [0x0000000080000000, 0x0000000082980000, 0x00000000d5580000)
  object space 42496K, 39% used [0x0000000080000000,0x00000000810340c0,0x0000000082980000)
 Metaspace       used 37522K, capacity 38370K, committed 38488K, reserved 1089536K
  class space    used 5073K, capacity 5398K, committed 5504K, reserved 1048576K
Event: 18.539 GC heap after
Heap after GC invocations=18 (full 4):
 PSYoungGen      total 56832K, used 0K [0x00000000d5580000, 0x00000000da000000, 0x0000000100000000)
  eden space 46080K, 0% used [0x00000000d5580000,0x00000000d5580000,0x00000000d8280000)
  from space 10752K, 0% used [0x00000000d8e00000,0x00000000d8e00000,0x00000000d9880000)
  to   space 11776K, 0% used [0x00000000d8280000,0x00000000d8280000,0x00000000d8e00000)
 ParOldGen       total 42496K, used 15899K [0x0000000080000000, 0x0000000082980000, 0x00000000d5580000)
  object space 42496K, 37% used [0x0000000080000000,0x0000000080f86f10,0x0000000082980000)
 Metaspace       used 37522K, capacity 38370K, committed 38488K, reserved 1085440K
  class space    used 5073K, capacity 5398K, committed 5504K, reserved 1048576K
}
Event: 18.670 GC heap before
{Heap before GC invocations=19 (full 4):
 PSYoungGen      total 56832K, used 4513K [0x00000000d5580000, 0x00000000da000000, 0x0000000100000000)
  eden space 46080K, 9% used [0x00000000d5580000,0x00000000d59e8778,0x00000000d8280000)
  from space 10752K, 0% used [0x00000000d8e00000,0x00000000d8e00000,0x00000000d9880000)
  to   space 11776K, 0% used [0x00000000d8280000,0x00000000d8280000,0x00000000d8e00000)
 ParOldGen       total 42496K, used 15899K [0x0000000080000000, 0x0000000082980000, 0x00000000d5580000)
  object space 42496K, 37% used [0x0000000080000000,0x0000000080f86f10,0x0000000082980000)
 Metaspace       used 37844K, capacity 38690K, committed 38744K, reserved 1089536K
  class space    used 5124K, capacity 5462K, committed 5504K, reserved 1048576K
Event: 18.672 GC heap after
Heap after GC invocations=19 (full 4):
 PSYoungGen      total 57856K, used 488K [0x00000000d5580000, 0x00000000d9b00000, 0x0000000100000000)
  eden space 46080K, 0% used [0x00000000d5580000,0x00000000d5580000,0x00000000d8280000)
  from space 11776K, 4% used [0x00000000d8280000,0x00000000d82fa3e8,0x00000000d8e00000)
  to   space 11776K, 0% used [0x00000000d8f80000,0x00000000d8f80000,0x00000000d9b00000)
 ParOldGen       total 42496K, used 15907K [0x0000000080000000, 0x0000000082980000, 0x00000000d5580000)
  object space 42496K, 37% used [0x0000000080000000,0x0000000080f88f10,0x0000000082980000)
 Metaspace       used 37844K, capacity 38690K, committed 38744K, reserved 1089536K
  class space    used 5124K, capacity 5462K, committed 5504K, reserved 1048576K
}
Event: 18.672 GC heap before
{Heap before GC invocations=20 (full 5):
 PSYoungGen      total 57856K, used 488K [0x00000000d5580000, 0x00000000d9b00000, 0x0000000100000000)
  eden space 46080K, 0% used [0x00000000d5580000,0x00000000d5580000,0x00000000d8280000)
  from space 11776K, 4% used [0x00000000d8280000,0x00000000d82fa3e8,0x00000000d8e00000)
  to   space 11776K, 0% used [0x00000000d8f80000,0x00000000d8f80000,0x00000000d9b00000)
 ParOldGen       total 42496K, used 15907K [0x0000000080000000, 0x0000000082980000, 0x00000000d5580000)
  object space 42496K, 37% used [0x0000000080000000,0x0000000080f88f10,0x0000000082980000)
 Metaspace       used 37844K, capacity 38690K, committed 38744K, reserved 1089536K
  class space    used 5124K, capacity 5462K, committed 5504K, reserved 1048576K
Event: 18.725 GC heap after
Heap after GC invocations=20 (full 5):
 PSYoungGen      total 57856K, used 0K [0x00000000d5580000, 0x00000000d9b00000, 0x0000000100000000)
  eden space 46080K, 0% used [0x00000000d5580000,0x00000000d5580000,0x00000000d8280000)
  from space 11776K, 0% used [0x00000000d8280000,0x00000000d8280000,0x00000000d8e00000)
  to   space 11776K, 0% used [0x00000000d8f80000,0x00000000d8f80000,0x00000000d9b00000)
 ParOldGen       total 42496K, used 15267K [0x0000000080000000, 0x0000000082980000, 0x00000000d5580000)
  object space 42496K, 35% used [0x0000000080000000,0x0000000080ee8ff8,0x0000000082980000)
 Metaspace       used 37844K, capacity 38690K, committed 38744K, reserved 1087488K
  class space    used 5124K, capacity 5462K, committed 5504K, reserved 1048576K
}

Deoptimization events (10 events):
Event: 17.457 Thread 0x000000001ab26800 Uncommon trap: reason=unstable_if action=reinterpret pc=0x00000000036700e8 method=groovy.lang.MetaClassImpl.checkIfStdMethod(Lgroovy/lang/MetaMethod;)V @ 55
Event: 17.457 Thread 0x000000001ab26800 Uncommon trap: reason=unstable_if action=reinterpret pc=0x0000000003a64174 method=groovy.lang.MetaClassImpl.checkIfStdMethod(Lgroovy/lang/MetaMethod;)V @ 55
Event: 17.457 Thread 0x000000001ab26800 Uncommon trap: reason=unstable_if action=reinterpret pc=0x0000000003601844 method=org.codehaus.groovy.runtime.metaclass.MetaMethodIndex.copyNonPrivateNonNewMetaMethods(Lorg/codehaus/groovy/runtime/metaclass/MetaMethodIndex$Entry;Lorg/codehaus/groovy/runti
Event: 17.458 Thread 0x000000001ab26800 Uncommon trap: reason=unstable_if action=reinterpret pc=0x0000000003b8badc method=groovy.lang.MetaClassImpl$1MOPIter.methodNameAction(Ljava/lang/Class;Lorg/codehaus/groovy/runtime/metaclass/MetaMethodIndex$Entry;)V @ 259
Event: 17.712 Thread 0x000000001ab26800 Uncommon trap: reason=unstable_if action=reinterpret pc=0x0000000003b21b90 method=java.lang.Integer.valueOf(I)Ljava/lang/Integer; @ 3
Event: 17.718 Thread 0x000000001ab26800 Uncommon trap: reason=bimorphic action=maybe_recompile pc=0x0000000003a2cf04 method=java.util.Arrays.binarySearch0([Ljava/lang/Object;IILjava/lang/Object;Ljava/util/Comparator;)I @ 48
Event: 17.718 Thread 0x000000001ab26800 Uncommon trap: reason=bimorphic action=maybe_recompile pc=0x0000000003a2cf04 method=java.util.Arrays.binarySearch0([Ljava/lang/Object;IILjava/lang/Object;Ljava/util/Comparator;)I @ 48
Event: 17.718 Thread 0x000000001ab26800 Uncommon trap: reason=bimorphic action=maybe_recompile pc=0x0000000003a2cf04 method=java.util.Arrays.binarySearch0([Ljava/lang/Object;IILjava/lang/Object;Ljava/util/Comparator;)I @ 48
Event: 17.718 Thread 0x000000001ab26800 Uncommon trap: reason=bimorphic action=maybe_recompile pc=0x0000000003a2cf04 method=java.util.Arrays.binarySearch0([Ljava/lang/Object;IILjava/lang/Object;Ljava/util/Comparator;)I @ 48
Event: 18.645 Thread 0x000000001ab26800 Uncommon trap: reason=unstable_if action=reinterpret pc=0x00000000038b40d0 method=java.util.concurrent.ConcurrentHashMap.get(Ljava/lang/Object;)Ljava/lang/Object; @ 152

Classes redefined (0 events):
No events

Internal exceptions (10 events):
Event: 17.460 Thread 0x000000001ab26800 Exception <a 'java/lang/ClassNotFoundException': org/gradle/api/internal/project/DefaultAntBuilderBeanInfo> (0x00000000d5695888) thrown at [D:\src\AOSP-openjdk-cygwin\jdk8u\hotspot\src\share\vm\classfile\systemDictionary.cpp, line 210]
Event: 17.461 Thread 0x000000001ab26800 Exception <a 'java/lang/ClassNotFoundException': org/gradle/api/internal/project/ant/BasicAntBuilderBeanInfo> (0x00000000d56c3730) thrown at [D:\src\AOSP-openjdk-cygwin\jdk8u\hotspot\src\share\vm\classfile\systemDictionary.cpp, line 210]
Event: 17.462 Thread 0x000000001ab26800 Exception <a 'java/lang/ClassNotFoundException': org/gradle/api/AntBuilderBeanInfo> (0x00000000d56e3ca8) thrown at [D:\src\AOSP-openjdk-cygwin\jdk8u\hotspot\src\share\vm\classfile\systemDictionary.cpp, line 210]
Event: 17.463 Thread 0x000000001ab26800 Exception <a 'java/lang/ClassNotFoundException': groovy/util/AntBuilderBeanInfo> (0x00000000d5702d10) thrown at [D:\src\AOSP-openjdk-cygwin\jdk8u\hotspot\src\share\vm\classfile\systemDictionary.cpp, line 210]
Event: 17.464 Thread 0x000000001ab26800 Exception <a 'java/lang/ClassNotFoundException': groovy/util/BuilderSupportBeanInfo> (0x00000000d5723260) thrown at [D:\src\AOSP-openjdk-cygwin\jdk8u\hotspot\src\share\vm\classfile\systemDictionary.cpp, line 210]
Event: 17.465 Thread 0x000000001ab26800 Exception <a 'java/lang/ClassNotFoundException': groovy/util/BuilderSupportCustomizer> (0x00000000d5745640) thrown at [D:\src\AOSP-openjdk-cygwin\jdk8u\hotspot\src\share\vm\classfile\systemDictionary.cpp, line 210]
Event: 17.466 Thread 0x000000001ab26800 Exception <a 'java/lang/ClassNotFoundException': groovy/util/AntBuilderCustomizer> (0x00000000d5768818) thrown at [D:\src\AOSP-openjdk-cygwin\jdk8u\hotspot\src\share\vm\classfile\systemDictionary.cpp, line 210]
Event: 17.467 Thread 0x000000001ab26800 Exception <a 'java/lang/ClassNotFoundException': org/gradle/api/AntBuilderCustomizer> (0x00000000d5790bf8) thrown at [D:\src\AOSP-openjdk-cygwin\jdk8u\hotspot\src\share\vm\classfile\systemDictionary.cpp, line 210]
Event: 17.468 Thread 0x000000001ab26800 Exception <a 'java/lang/ClassNotFoundException': org/gradle/api/internal/project/ant/BasicAntBuilderCustomizer> (0x00000000d57ccfd8) thrown at [D:\src\AOSP-openjdk-cygwin\jdk8u\hotspot\src\share\vm\classfile\systemDictionary.cpp, line 210]
Event: 17.470 Thread 0x000000001ab26800 Exception <a 'java/lang/ClassNotFoundException': org/gradle/api/internal/project/DefaultAntBuilderCustomizer> (0x00000000d58100c0) thrown at [D:\src\AOSP-openjdk-cygwin\jdk8u\hotspot\src\share\vm\classfile\systemDictionary.cpp, line 210]

Events (10 events):
Event: 18.826 loading class org/gradle/platform/base/plugins/BinaryBasePlugin$Rules
Event: 18.826 loading class org/gradle/platform/base/plugins/BinaryBasePlugin$Rules done
Event: 18.829 loading class org/gradle/platform/base/internal/BinarySpecInternal
Event: 18.829 loading class org/gradle/platform/base/internal/BinarySpecInternal done
Event: 18.838 loading class org/gradle/platform/base/BinaryTasksCollection
Event: 18.838 loading class org/gradle/platform/base/BinaryTasksCollection done
Event: 18.845 loading class org/gradle/model/internal/manage/schema/cache/MultiWeakClassSet$1
Event: 18.845 loading class org/gradle/model/internal/manage/schema/cache/MultiWeakClassSet$1 done
Event: 18.845 loading class org/gradle/model/internal/manage/schema/cache/MultiWeakClassSet$2
Event: 18.845 loading class org/gradle/model/internal/manage/schema/cache/MultiWeakClassSet$2 done


Dynamic libraries:
0x00007ff7f2c40000 - 0x00007ff7f2c71000 	C:\Tools\Android\Android Studio\jre\bin\java.exe
0x00007ff953100000 - 0x00007ff9532e1000 	C:\WINDOWS\SYSTEM32\ntdll.dll
0x00007ff950880000 - 0x00007ff950932000 	C:\WINDOWS\System32\KERNEL32.DLL
0x00007ff94f4d0000 - 0x00007ff94f743000 	C:\WINDOWS\System32\KERNELBASE.dll
0x00007ff94d770000 - 0x00007ff94d7fb000 	C:\WINDOWS\SYSTEM32\apphelp.dll
0x00007ff952ee0000 - 0x00007ff952f81000 	C:\WINDOWS\System32\ADVAPI32.dll
0x00007ff952690000 - 0x00007ff95272e000 	C:\WINDOWS\System32\msvcrt.dll
0x00007ff952d00000 - 0x00007ff952d5b000 	C:\WINDOWS\System32\sechost.dll
0x00007ff9527a0000 - 0x00007ff9528c4000 	C:\WINDOWS\System32\RPCRT4.dll
0x00007ff9506f0000 - 0x00007ff950880000 	C:\WINDOWS\System32\USER32.dll
0x00007ff9501e0000 - 0x00007ff950200000 	C:\WINDOWS\System32\win32u.dll
0x00007ff952f90000 - 0x00007ff952fb8000 	C:\WINDOWS\System32\GDI32.dll
0x00007ff950200000 - 0x00007ff950392000 	C:\WINDOWS\System32\gdi32full.dll
0x00007ff94fa30000 - 0x00007ff94facf000 	C:\WINDOWS\System32\msvcp_win.dll
0x00007ff94f7d0000 - 0x00007ff94f8ca000 	C:\WINDOWS\System32\ucrtbase.dll
0x00007ff941f30000 - 0x00007ff942199000 	C:\WINDOWS\WinSxS\amd64_microsoft.windows.common-controls_6595b64144ccf1df_6.0.17134.137_none_fb44974530639b67\COMCTL32.dll
0x00007ff950ec0000 - 0x00007ff9511e3000 	C:\WINDOWS\System32\combase.dll
0x00007ff94f750000 - 0x00007ff94f7ca000 	C:\WINDOWS\System32\bcryptPrimitives.dll
0x00007ff952cd0000 - 0x00007ff952cfd000 	C:\WINDOWS\System32\IMM32.DLL
0x0000000050a80000 - 0x0000000050b52000 	C:\Tools\Android\Android Studio\jre\jre\bin\msvcr100.dll
0x0000000050b60000 - 0x000000005139e000 	C:\Tools\Android\Android Studio\jre\jre\bin\server\jvm.dll
0x00007ff952cc0000 - 0x00007ff952cc8000 	C:\WINDOWS\System32\PSAPI.DLL
0x00007ff93d1d0000 - 0x00007ff93d1da000 	C:\WINDOWS\SYSTEM32\VERSION.dll
0x00007ff94c290000 - 0x00007ff94c2b3000 	C:\WINDOWS\SYSTEM32\WINMM.dll
0x00007ff93a3b0000 - 0x00007ff93a3b9000 	C:\WINDOWS\SYSTEM32\WSOCK32.dll
0x00007ff94c260000 - 0x00007ff94c28a000 	C:\WINDOWS\SYSTEM32\WINMMBASE.dll
0x00007ff94f930000 - 0x00007ff94f979000 	C:\WINDOWS\System32\cfgmgr32.dll
0x00007ff9528d0000 - 0x00007ff95293c000 	C:\WINDOWS\System32\WS2_32.dll
0x00007ff9472b0000 - 0x00007ff9472bf000 	C:\Tools\Android\Android Studio\jre\jre\bin\verify.dll
0x00007ff942d70000 - 0x00007ff942d99000 	C:\Tools\Android\Android Studio\jre\jre\bin\java.dll
0x00007ff9468f0000 - 0x00007ff946906000 	C:\Tools\Android\Android Studio\jre\jre\bin\zip.dll
0x00007ff9511f0000 - 0x00007ff952630000 	C:\WINDOWS\System32\SHELL32.dll
0x00007ff952fc0000 - 0x00007ff953069000 	C:\WINDOWS\System32\shcore.dll
0x00007ff94fad0000 - 0x00007ff9501dd000 	C:\WINDOWS\System32\windows.storage.dll
0x00007ff952730000 - 0x00007ff952781000 	C:\WINDOWS\System32\shlwapi.dll
0x00007ff94f490000 - 0x00007ff94f4a1000 	C:\WINDOWS\System32\kernel.appcore.dll
0x00007ff94f460000 - 0x00007ff94f47f000 	C:\WINDOWS\System32\profapi.dll
0x00007ff94f410000 - 0x00007ff94f45c000 	C:\WINDOWS\System32\powrprof.dll
0x00007ff94f480000 - 0x00007ff94f48a000 	C:\WINDOWS\System32\FLTLIB.DLL
0x00007ff946720000 - 0x00007ff94673a000 	C:\Tools\Android\Android Studio\jre\jre\bin\net.dll
0x00007ff94ec30000 - 0x00007ff94ec96000 	C:\WINDOWS\system32\mswsock.dll
0x00007ff9428c0000 - 0x00007ff9428d1000 	C:\Tools\Android\Android Studio\jre\jre\bin\nio.dll
0x00007ff940830000 - 0x00007ff94084e000 	C:\Users\fred\.gradle\native\25\windows-amd64\native-platform.dll
0x00007ff946890000 - 0x00007ff94689d000 	C:\Tools\Android\Android Studio\jre\jre\bin\management.dll
0x00007ff94ee40000 - 0x00007ff94ee57000 	C:\WINDOWS\SYSTEM32\CRYPTSP.dll
0x00007ff94e810000 - 0x00007ff94e843000 	C:\WINDOWS\system32\rsaenh.dll
0x00007ff94ef70000 - 0x00007ff94ef95000 	C:\WINDOWS\SYSTEM32\bcrypt.dll
0x00007ff94f310000 - 0x00007ff94f338000 	C:\WINDOWS\SYSTEM32\USERENV.dll
0x00007ff94ee60000 - 0x00007ff94ee6b000 	C:\WINDOWS\SYSTEM32\CRYPTBASE.dll
0x00007ff94e9b0000 - 0x00007ff94e9e8000 	C:\WINDOWS\SYSTEM32\IPHLPAPI.DLL
0x00007ff950eb0000 - 0x00007ff950eb8000 	C:\WINDOWS\System32\NSI.dll
0x00007ff9470b0000 - 0x00007ff9470c6000 	C:\WINDOWS\SYSTEM32\dhcpcsvc6.DLL
0x00007ff946910000 - 0x00007ff94692a000 	C:\WINDOWS\SYSTEM32\dhcpcsvc.DLL

VM Arguments:
jvm_args: -XX:MaxPermSize=512m -XX:+HeapDumpOnOutOfMemoryError -Xmx2048m -Dfile.encoding=UTF-8 -Duser.country=FR -Duser.language=fr -Duser.variant 
java_command: org.gradle.launcher.daemon.bootstrap.GradleDaemon 4.1
java_class_path (initial): C:\Users\fred\.gradle\wrapper\dists\gradle-4.1-all\bzyivzo6n839fup2jbap0tjew\gradle-4.1\lib\gradle-launcher-4.1.jar
Launcher Type: SUN_STANDARD

Environment Variables:
PATH=C:\Program Files (x86)\Common Files\Oracle\Java\javapath;C:\ProgramData\Oracle\Java\javapath;C:\Program Files (x86)\Intel\iCLS Client\;C:\Program Files\Intel\iCLS Client\;C:\WINDOWS\system32;C:\WINDOWS;C:\WINDOWS\System32\Wbem;C:\WINDOWS\System32\WindowsPowerShell\v1.0\;C:\Program Files (x86)\Intel\Intel(R) Management Engine Components\DAL;C:\Program Files\Intel\Intel(R) Management Engine Components\DAL;C:\Program Files (x86)\Intel\Intel(R) Management Engine Components\IPT;C:\Program Files\Intel\Intel(R) Management Engine Components\IPT;C:\tools\Brackets\command;C:\tools\nodejs\;C:\ProgramData\ComposerSetup\bin;C:\wamp64\bin\php\php7.1.9;C:\tools\PuTTY\;C:\Program Files\Intel\WiFi\bin\;C:\Program Files\Common Files\Intel\WirelessCommon\;C:\WINDOWS\System32\OpenSSH\;C:\Users\fred\AppData\Local\Microsoft\WindowsApps;C:\tools\VisualStudio Code\bin;C:\Tools;C:\Users\fred\AppData\Roaming\npm;C:\Users\fred\AppData\Roaming\Composer\vendor\bin;C:\Program Files\Intel\WiFi\bin\;C:\Program Files\Common Files\Intel\WirelessCommon\;
USERNAME=fred
OS=Windows_NT
PROCESSOR_IDENTIFIER=Intel64 Family 6 Model 142 Stepping 9, GenuineIntel



---------------  S Y S T E M  ---------------

OS: Windows 10.0 , 64 bit Build 17134 (10.0.17134.1)

CPU:total 4 (initial active 4) (2 cores per cpu, 2 threads per core) family 6 model 142 stepping 9, cmov, cx8, fxsr, mmx, sse, sse2, sse3, ssse3, sse4.1, sse4.2, popcnt, avx, avx2, aes, clmul, erms, 3dnowpref, lzcnt, ht, tsc, tscinvbit, bmi1, bmi2, adx

Memory: 4k page, physical 4066916k(337728k free), swap 6213220k(4108k free)

vm_info: OpenJDK 64-Bit Server VM (25.152-b01) for windows-amd64 JRE (1.8.0_152-release-915-b01), built by "builder" with MS VC++ 10.0 (VS2010)

time: Tue Jul 10 12:13:58 2018
elapsed time: 18 seconds (0d 0h 0m 18s)

