#
# There is insufficient memory for the Java Runtime Environment to continue.
# Native memory allocation (malloc) failed to allocate 444816 bytes for Chunk::new
# Possible reasons:
#   The system is out of physical RAM or swap space
#   In 32 bit mode, the process size limit was hit
# Possible solutions:
#   Reduce memory load on the system
#   Increase physical memory or swap space
#   Check if swap backing store is full
#   Use 64 bit Java on a 64 bit OS
#   Decrease Java heap size (-Xmx/-Xms)
#   Decrease number of Java threads
#   Decrease Java thread stack sizes (-Xss)
#   Set larger code cache with -XX:ReservedCodeCacheSize=
# This output file may be truncated or incomplete.
#
#  Out of Memory Error (allocation.cpp:390), pid=2076, tid=0x0000000000000abc
#
# JRE version: OpenJDK Runtime Environment (8.0_152-b01) (build 1.8.0_152-release-915-b01)
# Java VM: OpenJDK 64-Bit Server VM (25.152-b01 mixed mode windows-amd64 compressed oops)
# Failed to write core dump. Minidumps are not enabled by default on client versions of Windows
#

---------------  T H R E A D  ---------------

Current thread (0x0000000017adf800):  JavaThread "C2 CompilerThread1" daemon [_thread_in_native, id=2748, stack(0x0000000019260000,0x0000000019360000)]

Stack: [0x0000000019260000,0x0000000019360000]
[error occurred during error reporting (printing stack bounds), id 0xc0000005]

Native frames: (J=compiled Java code, j=interpreted, Vv=VM code, C=native code)


Current CompileTask:
C2:  73147 16395       4       com.intellij.lang.java.parser.ExpressionParser::parseBinary (164 bytes)


---------------  P R O C E S S  ---------------

Java Threads: ( => current thread )
  0x000000001ba09000 JavaThread "Cache worker for Java compile cache (C:\Tools\Android\Projets\.gradle\4.1\javaCompile)" [_thread_blocked, id=6756, stack(0x00000000248b0000,0x00000000249b0000)]
  0x000000001ba0f800 JavaThread "Task worker for ':' Thread 3" [_thread_in_Java, id=5620, stack(0x0000000024460000,0x0000000024560000)]
  0x000000001ba0b000 JavaThread "Task worker for ':' Thread 2" [_thread_blocked, id=7908, stack(0x0000000024360000,0x0000000024460000)]
  0x000000001ba0a800 JavaThread "Task worker for ':'" [_thread_blocked, id=5996, stack(0x0000000024260000,0x0000000024360000)]
  0x000000001ba0f000 JavaThread "Cache worker for task history cache (C:\Tools\Android\Projets\.gradle\4.1\taskHistory)" [_thread_blocked, id=5088, stack(0x0000000024160000,0x0000000024260000)]
  0x000000001ba08000 JavaThread "Cache worker for file content cache (C:\Tools\Android\Projets\.gradle\4.1\fileContent)" [_thread_blocked, id=5948, stack(0x0000000024060000,0x0000000024160000)]
  0x000000001a2ed000 JavaThread "Memory manager" [_thread_blocked, id=5144, stack(0x0000000022f20000,0x0000000023020000)]
  0x000000001a2f0000 JavaThread "build operations Thread 4" [_thread_blocked, id=404, stack(0x0000000022a20000,0x0000000022b20000)]
  0x000000001a2ec800 JavaThread "build operations Thread 3" [_thread_blocked, id=7748, stack(0x0000000021710000,0x0000000021810000)]
  0x000000001a2eb800 JavaThread "build operations Thread 2" [_thread_blocked, id=7128, stack(0x0000000021610000,0x0000000021710000)]
  0x000000001a2ea000 JavaThread "build operations" [_thread_blocked, id=6024, stack(0x000000001ecd0000,0x000000001edd0000)]
  0x000000001a2ee000 JavaThread "Cache worker for Artifact transforms cache (C:\Users\fred\.gradle\caches\transforms-1)" [_thread_blocked, id=7812, stack(0x000000001e7b0000,0x000000001e8b0000)]
  0x000000001b3ba800 JavaThread "Cache worker for file hash cache (C:\Tools\Android\Projets\.gradle\4.1\fileHashes)" [_thread_blocked, id=2104, stack(0x000000001d6e0000,0x000000001d7e0000)]
  0x000000001af35800 JavaThread "File lock request listener" [_thread_in_native, id=7740, stack(0x000000001d3e0000,0x000000001d4e0000)]
  0x000000001af35000 JavaThread "Cache worker for file hash cache (C:\Users\fred\.gradle\caches\4.1\fileHashes)" [_thread_blocked, id=4240, stack(0x000000001d2e0000,0x000000001d3e0000)]
  0x000000001abd8800 JavaThread "Asynchronous log dispatcher for DefaultDaemonConnection: socket connection from /127.0.0.1:13621 to /127.0.0.1:13622" [_thread_blocked, id=880, stack(0x000000001d0e0000,0x000000001d1e0000)]
  0x000000001b075000 JavaThread "Daemon worker" [_thread_blocked, id=3712, stack(0x000000001cfe0000,0x000000001d0e0000)]
  0x000000001ab63000 JavaThread "Cancel handler" [_thread_blocked, id=3912, stack(0x000000001cee0000,0x000000001cfe0000)]
  0x000000001ab57800 JavaThread "Handler for socket connection from /127.0.0.1:13621 to /127.0.0.1:13622" [_thread_in_native, id=4196, stack(0x000000001cbe0000,0x000000001cce0000)]
  0x000000001a902800 JavaThread "Daemon" [_thread_blocked, id=6908, stack(0x000000001cae0000,0x000000001cbe0000)]
  0x000000001a875800 JavaThread "Daemon periodic checks" [_thread_blocked, id=4024, stack(0x000000001c9e0000,0x000000001cae0000)]
  0x000000001a870000 JavaThread "Incoming local TCP Connector on port 13621" [_thread_in_native, id=6956, stack(0x000000001b230000,0x000000001b330000)]
  0x0000000019490800 JavaThread "Service Thread" daemon [_thread_blocked, id=2812, stack(0x0000000019860000,0x0000000019960000)]
  0x0000000017af1800 JavaThread "C1 CompilerThread2" daemon [_thread_in_native, id=4184, stack(0x0000000019360000,0x0000000019460000)]
=>0x0000000017adf800 JavaThread "C2 CompilerThread1" daemon [_thread_in_native, id=2748, stack(0x0000000019260000,0x0000000019360000)]
  0x0000000017adb000 JavaThread "C2 CompilerThread0" daemon [_thread_in_native, id=4928, stack(0x0000000019160000,0x0000000019260000)]
  0x0000000017ae7800 JavaThread "Attach Listener" daemon [_thread_blocked, id=5960, stack(0x0000000019060000,0x0000000019160000)]
  0x0000000017ae6800 JavaThread "Signal Dispatcher" daemon [_thread_blocked, id=4168, stack(0x0000000018f60000,0x0000000019060000)]
  0x0000000017ac8800 JavaThread "Finalizer" daemon [_thread_blocked, id=5936, stack(0x0000000018d40000,0x0000000018e40000)]
  0x0000000002e81000 JavaThread "Reference Handler" daemon [_thread_blocked, id=4856, stack(0x0000000018c40000,0x0000000018d40000)]
  0x0000000002d92800 JavaThread "main" [_thread_blocked, id=2240, stack(0x0000000002c90000,0x0000000002d90000)]

Other Threads:
  0x0000000017aa5800 VMThread [stack: 0x0000000018b40000,0x0000000018c40000] [id=2608]
  0x0000000017b3e000 WatcherThread [stack: 0x0000000019960000,0x0000000019a60000] [id=600]

VM state:not at safepoint (normal execution)

VM Mutex/Monitor currently owned by a thread: None

Heap:
 PSYoungGen      total 404992K, used 356376K [0x00000000d5580000, 0x00000000f0700000, 0x0000000100000000)
  eden space 369152K, 93% used [0x00000000d5580000,0x00000000ea4dfb10,0x00000000ebe00000)
  from space 35840K, 36% used [0x00000000ee400000,0x00000000ef0a6828,0x00000000f0700000)
  to   space 37376K, 0% used [0x00000000ebe00000,0x00000000ebe00000,0x00000000ee280000)
 ParOldGen       total 166400K, used 87235K [0x0000000080000000, 0x000000008a280000, 0x00000000d5580000)
  object space 166400K, 52% used [0x0000000080000000,0x0000000085530ff0,0x000000008a280000)
 Metaspace       used 86485K, capacity 89084K, committed 89304K, reserved 1126400K
  class space    used 10912K, capacity 11487K, committed 11520K, reserved 1048576K

Card table byte_map: [0x0000000012250000,0x0000000012660000] byte_map_base: 0x0000000011e50000

Marking Bits: (ParMarkBitMap*) 0x0000000051323950
 Begin Bits: [0x0000000012d10000, 0x0000000014d10000)
 End Bits:   [0x0000000014d10000, 0x0000000016d10000)

Polling page: 0x0000000001040000

CodeCache: size=245760Kb used=50549Kb max_used=50549Kb free=195210Kb
 bounds [0x0000000002e90000, 0x0000000006030000, 0x0000000011e90000]
 total_blobs=14874 nmethods=14030 adapters=754
 compilation: enabled

Compilation events (10 events):
Event: 73.122 Thread 0x0000000017af1800 16912       2       com.intellij.psi.impl.source.PsiImmediateClassType::getParameters (225 bytes)
Event: 73.124 Thread 0x0000000017af1800 nmethod 16912 0x0000000006020410 code [0x0000000006020660, 0x0000000006021048]
Event: 73.124 Thread 0x0000000017af1800 16916       2       com.intellij.extapi.psi.StubBasedPsiElementBase::getManager (5 bytes)
Event: 73.124 Thread 0x0000000017af1800 nmethod 16916 0x0000000006021a10 code [0x0000000006021ba0, 0x0000000006021de8]
Event: 73.124 Thread 0x0000000017af1800 16914       2       com.intellij.psi.infos.MethodCandidateInfo::inferTypeArguments (123 bytes)
Event: 73.126 Thread 0x0000000017af1800 nmethod 16914 0x0000000006021f50 code [0x00000000060221e0, 0x0000000006022ef8]
Event: 73.126 Thread 0x0000000017af1800 16915       2       com.intellij.psi.impl.PsiElementFinderImpl::findClass (108 bytes)
Event: 73.127 Thread 0x0000000017af1800 nmethod 16915 0x0000000006023990 code [0x0000000006023c00, 0x0000000006024888]
Event: 73.127 Thread 0x0000000017af1800 16917       2       com.intellij.psi.impl.source.PsiClassImpl::hasModifierProperty (73 bytes)
Event: 73.129 Thread 0x0000000017af1800 nmethod 16917 0x00000000060252d0 code [0x00000000060254c0, 0x0000000006025c18]

GC Heap History (10 events):
Event: 38.347 GC heap before
{Heap before GC invocations=26 (full 4):
 PSYoungGen      total 231424K, used 189513K [0x00000000d5580000, 0x00000000e9500000, 0x0000000100000000)
  eden space 189952K, 99% used [0x00000000d5580000,0x00000000e0e7a588,0x00000000e0f00000)
  from space 41472K, 0% used [0x00000000e0f00000,0x00000000e0f18000,0x00000000e3780000)
  to   space 41472K, 0% used [0x00000000e6c80000,0x00000000e6c80000,0x00000000e9500000)
 ParOldGen       total 166400K, used 78588K [0x0000000080000000, 0x000000008a280000, 0x00000000d5580000)
  object space 166400K, 47% used [0x0000000080000000,0x0000000084cbf398,0x000000008a280000)
 Metaspace       used 64318K, capacity 66230K, committed 66520K, reserved 1107968K
  class space    used 8407K, capacity 8870K, committed 8960K, reserved 1048576K
Event: 38.349 GC heap after
Heap after GC invocations=26 (full 4):
 PSYoungGen      total 286208K, used 128K [0x00000000d5580000, 0x00000000e9680000, 0x0000000100000000)
  eden space 244736K, 0% used [0x00000000d5580000,0x00000000d5580000,0x00000000e4480000)
  from space 41472K, 0% used [0x00000000e6c80000,0x00000000e6ca0000,0x00000000e9500000)
  to   space 40960K, 0% used [0x00000000e4480000,0x00000000e4480000,0x00000000e6c80000)
 ParOldGen       total 166400K, used 78612K [0x0000000080000000, 0x000000008a280000, 0x00000000d5580000)
  object space 166400K, 47% used [0x0000000080000000,0x0000000084cc5398,0x000000008a280000)
 Metaspace       used 64318K, capacity 66230K, committed 66520K, reserved 1107968K
  class space    used 8407K, capacity 8870K, committed 8960K, reserved 1048576K
}
Event: 59.465 GC heap before
{Heap before GC invocations=27 (full 4):
 PSYoungGen      total 286208K, used 244864K [0x00000000d5580000, 0x00000000e9680000, 0x0000000100000000)
  eden space 244736K, 100% used [0x00000000d5580000,0x00000000e4480000,0x00000000e4480000)
  from space 41472K, 0% used [0x00000000e6c80000,0x00000000e6ca0000,0x00000000e9500000)
  to   space 40960K, 0% used [0x00000000e4480000,0x00000000e4480000,0x00000000e6c80000)
 ParOldGen       total 166400K, used 78612K [0x0000000080000000, 0x000000008a280000, 0x00000000d5580000)
  object space 166400K, 47% used [0x0000000080000000,0x0000000084cc5398,0x000000008a280000)
 Metaspace       used 67241K, capacity 69410K, committed 69592K, reserved 1110016K
  class space    used 8720K, capacity 9214K, committed 9216K, reserved 1048576K
Event: 59.478 GC heap after
Heap after GC invocations=27 (full 4):
 PSYoungGen      total 285696K, used 5061K [0x00000000d5580000, 0x00000000ed380000, 0x0000000100000000)
  eden space 244736K, 0% used [0x00000000d5580000,0x00000000d5580000,0x00000000e4480000)
  from space 40960K, 12% used [0x00000000e4480000,0x00000000e4971678,0x00000000e6c80000)
  to   space 39424K, 0% used [0x00000000ead00000,0x00000000ead00000,0x00000000ed380000)
 ParOldGen       total 166400K, used 78644K [0x0000000080000000, 0x000000008a280000, 0x00000000d5580000)
  object space 166400K, 47% used [0x0000000080000000,0x0000000084ccd398,0x000000008a280000)
 Metaspace       used 67241K, capacity 69410K, committed 69592K, reserved 1110016K
  class space    used 8720K, capacity 9214K, committed 9216K, reserved 1048576K
}
Event: 69.885 GC heap before
{Heap before GC invocations=28 (full 4):
 PSYoungGen      total 285696K, used 235908K [0x00000000d5580000, 0x00000000ed380000, 0x0000000100000000)
  eden space 244736K, 94% used [0x00000000d5580000,0x00000000e36efc38,0x00000000e4480000)
  from space 40960K, 12% used [0x00000000e4480000,0x00000000e4971678,0x00000000e6c80000)
  to   space 39424K, 0% used [0x00000000ead00000,0x00000000ead00000,0x00000000ed380000)
 ParOldGen       total 166400K, used 78644K [0x0000000080000000, 0x000000008a280000, 0x00000000d5580000)
  object space 166400K, 47% used [0x0000000080000000,0x0000000084ccd398,0x000000008a280000)
 Metaspace       used 80699K, capacity 82996K, committed 83288K, reserved 1122304K
  class space    used 10301K, capacity 10817K, committed 10880K, reserved 1048576K
Event: 69.912 GC heap after
Heap after GC invocations=28 (full 4):
 PSYoungGen      total 345600K, used 28196K [0x00000000d5580000, 0x00000000ed380000, 0x0000000100000000)
  eden space 306176K, 0% used [0x00000000d5580000,0x00000000d5580000,0x00000000e8080000)
  from space 39424K, 71% used [0x00000000ead00000,0x00000000ec889330,0x00000000ed380000)
  to   space 42496K, 0% used [0x00000000e8080000,0x00000000e8080000,0x00000000eaa00000)
 ParOldGen       total 166400K, used 80215K [0x0000000080000000, 0x000000008a280000, 0x00000000d5580000)
  object space 166400K, 48% used [0x0000000080000000,0x0000000084e55d48,0x000000008a280000)
 Metaspace       used 80699K, capacity 82996K, committed 83288K, reserved 1122304K
  class space    used 10301K, capacity 10817K, committed 10880K, reserved 1048576K
}
Event: 70.355 GC heap before
{Heap before GC invocations=29 (full 4):
 PSYoungGen      total 345600K, used 321704K [0x00000000d5580000, 0x00000000ed380000, 0x0000000100000000)
  eden space 306176K, 95% used [0x00000000d5580000,0x00000000e7420e20,0x00000000e8080000)
  from space 39424K, 71% used [0x00000000ead00000,0x00000000ec889330,0x00000000ed380000)
  to   space 42496K, 0% used [0x00000000e8080000,0x00000000e8080000,0x00000000eaa00000)
 ParOldGen       total 166400K, used 80215K [0x0000000080000000, 0x000000008a280000, 0x00000000d5580000)
  object space 166400K, 48% used [0x0000000080000000,0x0000000084e55d48,0x000000008a280000)
 Metaspace       used 82868K, capacity 85316K, committed 85720K, reserved 1124352K
  class space    used 10602K, capacity 11147K, committed 11264K, reserved 1048576K
Event: 70.382 GC heap after
Heap after GC invocations=29 (full 4):
 PSYoungGen      total 348672K, used 13147K [0x00000000d5580000, 0x00000000f0b00000, 0x0000000100000000)
  eden space 306176K, 0% used [0x00000000d5580000,0x00000000d5580000,0x00000000e8080000)
  from space 42496K, 30% used [0x00000000e8080000,0x00000000e8d56d60,0x00000000eaa00000)
  to   space 39936K, 0% used [0x00000000ee400000,0x00000000ee400000,0x00000000f0b00000)
 ParOldGen       total 166400K, used 86339K [0x0000000080000000, 0x000000008a280000, 0x00000000d5580000)
  object space 166400K, 51% used [0x0000000080000000,0x0000000085450e48,0x000000008a280000)
 Metaspace       used 82868K, capacity 85316K, committed 85720K, reserved 1124352K
  class space    used 10602K, capacity 11147K, committed 11264K, reserved 1048576K
}
Event: 70.751 GC heap before
{Heap before GC invocations=30 (full 4):
 PSYoungGen      total 348672K, used 306069K [0x00000000d5580000, 0x00000000f0b00000, 0x0000000100000000)
  eden space 306176K, 95% used [0x00000000d5580000,0x00000000e738e7a0,0x00000000e8080000)
  from space 42496K, 30% used [0x00000000e8080000,0x00000000e8d56d60,0x00000000eaa00000)
  to   space 39936K, 0% used [0x00000000ee400000,0x00000000ee400000,0x00000000f0b00000)
 ParOldGen       total 166400K, used 86339K [0x0000000080000000, 0x000000008a280000, 0x00000000d5580000)
  object space 166400K, 51% used [0x0000000080000000,0x0000000085450e48,0x000000008a280000)
 Metaspace       used 84051K, capacity 86560K, committed 86872K, reserved 1124352K
  class space    used 10755K, capacity 11293K, committed 11392K, reserved 1048576K
Event: 70.769 GC heap after
Heap after GC invocations=30 (full 4):
 PSYoungGen      total 404992K, used 12954K [0x00000000d5580000, 0x00000000f0700000, 0x0000000100000000)
  eden space 369152K, 0% used [0x00000000d5580000,0x00000000d5580000,0x00000000ebe00000)
  from space 35840K, 36% used [0x00000000ee400000,0x00000000ef0a6828,0x00000000f0700000)
  to   space 37376K, 0% used [0x00000000ebe00000,0x00000000ebe00000,0x00000000ee280000)
 ParOldGen       total 166400K, used 87235K [0x0000000080000000, 0x000000008a280000, 0x00000000d5580000)
  object space 166400K, 52% used [0x0000000080000000,0x0000000085530ff0,0x000000008a280000)
 Metaspace       used 84051K, capacity 86560K, committed 86872K, reserved 1124352K
  class space    used 10755K, capacity 11293K, committed 11392K, reserved 1048576K
}

Deoptimization events (10 events):
Event: 72.055 Thread 0x000000001ba0f800 Uncommon trap: reason=class_check action=maybe_recompile pc=0x000000000597a344 method=com.intellij.util.text.ImmutableText.length()I @ 4
Event: 72.055 Thread 0x000000001ba0f800 Uncommon trap: reason=class_check action=maybe_recompile pc=0x000000000597a344 method=com.intellij.util.text.ImmutableText.length()I @ 4
Event: 72.055 Thread 0x000000001ba0f800 Uncommon trap: reason=class_check action=maybe_recompile pc=0x00000000057d5af0 method=com.intellij.util.text.ImmutableText.length()I @ 4
Event: 72.055 Thread 0x000000001ba0f800 Uncommon trap: reason=class_check action=maybe_recompile pc=0x0000000005a74cf8 method=com.intellij.util.text.ImmutableText.length()I @ 4
Event: 72.055 Thread 0x000000001ba0f800 Uncommon trap: reason=class_check action=maybe_recompile pc=0x000000000597a344 method=com.intellij.util.text.ImmutableText.length()I @ 4
Event: 72.057 Thread 0x000000001ba0f800 Uncommon trap: reason=class_check action=maybe_recompile pc=0x0000000005ad79a0 method=com.intellij.util.text.ImmutableText.length()I @ 4
Event: 72.057 Thread 0x000000001ba0f800 Uncommon trap: reason=predicate action=maybe_recompile pc=0x0000000005a9ea04 method=com.intellij.openapi.util.text.StringUtil.stringHashCode(Ljava/lang/CharSequence;II)I @ 59
Event: 72.057 Thread 0x000000001ba0f800 Uncommon trap: reason=class_check action=maybe_recompile pc=0x0000000005aac19c method=com.intellij.util.text.ImmutableText.length()I @ 4
Event: 72.413 Thread 0x000000001ba0f800 Uncommon trap: reason=class_check action=maybe_recompile pc=0x0000000005af82c0 method=com.intellij.util.text.ImmutableText.length()I @ 4
Event: 72.890 Thread 0x000000001ba0f800 Uncommon trap: reason=unstable_if action=reinterpret pc=0x000000000584fa04 method=org.jetbrains.org.objectweb.asm.ClassReader.readUTF(II[C)Ljava/lang/String; @ 77

Classes redefined (0 events):
No events

Internal exceptions (10 events):
Event: 70.172 Thread 0x000000001ba0f800 Exception <a 'java/lang/NoSuchMethodError': java.lang.Object.lambda$static$0(I)[Lcom/intellij/psi/PsiField;> (0x00000000d8cc1a38) thrown at [D:\src\AOSP-openjdk-cygwin\jdk8u\hotspot\src\share\vm\interpreter\linkResolver.cpp, line 584]
Event: 70.184 Thread 0x000000001ba0f800 Exception <a 'java/lang/NoSuchMethodError': java.lang.Object.lambda$static$0(I)[Lcom/intellij/psi/PsiClassInitializer;> (0x00000000e2ee85b8) thrown at [D:\src\AOSP-openjdk-cygwin\jdk8u\hotspot\src\share\vm\interpreter\linkResolver.cpp, line 584]
Event: 70.204 Thread 0x000000001ba0f800 Exception <a 'java/lang/NoSuchMethodError': java.lang.Object.lambda$static$0(I)[Lcom/intellij/psi/PsiMethod;> (0x00000000e2ef29e8) thrown at [D:\src\AOSP-openjdk-cygwin\jdk8u\hotspot\src\share\vm\interpreter\linkResolver.cpp, line 584]
Event: 70.217 Thread 0x000000001ba0f800 Exception <a 'java/lang/NoSuchMethodError': java.lang.Object.lambda$static$0(I)[Lcom/intellij/psi/PsiParameter;> (0x00000000e2f6bec8) thrown at [D:\src\AOSP-openjdk-cygwin\jdk8u\hotspot\src\share\vm\interpreter\linkResolver.cpp, line 584]
Event: 70.236 Thread 0x000000001ba0f800 Exception <a 'java/lang/NoSuchMethodError': java.lang.Object.lambda$static$0(I)[Lcom/intellij/psi/PsiStatement;> (0x00000000e3010f48) thrown at [D:\src\AOSP-openjdk-cygwin\jdk8u\hotspot\src\share\vm\interpreter\linkResolver.cpp, line 584]
Event: 70.261 Thread 0x000000001ba0f800 Exception <a 'java/lang/NoSuchMethodError': java.lang.Object.lambda$static$0(I)[Lcom/intellij/psi/PsiNameValuePair;> (0x00000000e66d33a0) thrown at [D:\src\AOSP-openjdk-cygwin\jdk8u\hotspot\src\share\vm\interpreter\linkResolver.cpp, line 584]
Event: 70.265 Thread 0x000000001ba0f800 Exception <a 'java/lang/NoSuchMethodError': java.lang.Object.lambda$static$0(I)[Lcom/intellij/psi/PsiElement;> (0x00000000e66ee3a8) thrown at [D:\src\AOSP-openjdk-cygwin\jdk8u\hotspot\src\share\vm\interpreter\linkResolver.cpp, line 584]
Event: 70.288 Thread 0x000000001ba0f800 Exception <a 'java/lang/NoSuchMethodError': java.lang.Object.lambda$static$0(I)[Lcom/intellij/psi/PsiExpression;> (0x00000000e678db80) thrown at [D:\src\AOSP-openjdk-cygwin\jdk8u\hotspot\src\share\vm\interpreter\linkResolver.cpp, line 584]
Event: 70.288 Thread 0x000000001ba0f800 Exception <a 'java/lang/NoSuchMethodError': java.lang.Object.lambda$static$1(Lcom/intellij/psi/PsiExpression;)Lcom/intellij/psi/PsiType;> (0x00000000e6790b28) thrown at [D:\src\AOSP-openjdk-cygwin\jdk8u\hotspot\src\share\vm\interpreter\linkResolver.cpp, l
Event: 71.975 Thread 0x000000001ba0f800 Exception <a 'java/lang/NoSuchMethodError': java.lang.Object.lambda$static$0(I)[Lcom/intellij/psi/PsiAnnotationMemberValue;> (0x00000000e0e1eae0) thrown at [D:\src\AOSP-openjdk-cygwin\jdk8u\hotspot\src\share\vm\interpreter\linkResolver.cpp, line 584]

Events (10 events):
Event: 73.027 loading class com/intellij/psi/PsiDiamondType$DiamondInferenceResult$1
Event: 73.027 loading class com/intellij/psi/PsiDiamondType$DiamondInferenceResult$1 done
Event: 73.028 loading class com/intellij/psi/PsiDiamondType$DiamondInferenceResult$2
Event: 73.028 loading class com/intellij/psi/PsiDiamondType$DiamondInferenceResult$2 done
Event: 73.028 loading class com/intellij/psi/PsiDiamondType$DiamondInferenceResult$3
Event: 73.028 loading class com/intellij/psi/PsiDiamondType$DiamondInferenceResult$3 done
Event: 73.029 loading class com/intellij/psi/PsiDiamondType$DiamondInferenceResult$4
Event: 73.029 loading class com/intellij/psi/PsiDiamondType$DiamondInferenceResult$4 done
Event: 73.029 loading class com/intellij/psi/PsiDiamondType$DiamondInferenceResult$5
Event: 73.029 loading class com/intellij/psi/PsiDiamondType$DiamondInferenceResult$5 done


Dynamic libraries:
0x00007ff6cb770000 - 0x00007ff6cb7a1000 	C:\Tools\Android\Android Studio\jre\bin\java.exe
0x00007ff953100000 - 0x00007ff9532e1000 	C:\WINDOWS\SYSTEM32\ntdll.dll
0x00007ff950880000 - 0x00007ff950932000 	C:\WINDOWS\System32\KERNEL32.DLL
0x00007ff94f4d0000 - 0x00007ff94f743000 	C:\WINDOWS\System32\KERNELBASE.dll
0x00007ff94d770000 - 0x00007ff94d7fb000 	C:\WINDOWS\SYSTEM32\apphelp.dll
0x00007ff952ee0000 - 0x00007ff952f81000 	C:\WINDOWS\System32\ADVAPI32.dll
0x00007ff952690000 - 0x00007ff95272e000 	C:\WINDOWS\System32\msvcrt.dll
0x00007ff952d00000 - 0x00007ff952d5b000 	C:\WINDOWS\System32\sechost.dll
0x00007ff9527a0000 - 0x00007ff9528c4000 	C:\WINDOWS\System32\RPCRT4.dll
0x00007ff9506f0000 - 0x00007ff950880000 	C:\WINDOWS\System32\USER32.dll
0x00007ff9501e0000 - 0x00007ff950200000 	C:\WINDOWS\System32\win32u.dll
0x00007ff952f90000 - 0x00007ff952fb8000 	C:\WINDOWS\System32\GDI32.dll
0x00007ff950200000 - 0x00007ff950392000 	C:\WINDOWS\System32\gdi32full.dll
0x00007ff94fa30000 - 0x00007ff94facf000 	C:\WINDOWS\System32\msvcp_win.dll
0x00007ff94f7d0000 - 0x00007ff94f8ca000 	C:\WINDOWS\System32\ucrtbase.dll
0x00007ff941f30000 - 0x00007ff942199000 	C:\WINDOWS\WinSxS\amd64_microsoft.windows.common-controls_6595b64144ccf1df_6.0.17134.137_none_fb44974530639b67\COMCTL32.dll
0x00007ff950ec0000 - 0x00007ff9511e3000 	C:\WINDOWS\System32\combase.dll
0x00007ff94f750000 - 0x00007ff94f7ca000 	C:\WINDOWS\System32\bcryptPrimitives.dll
0x00007ff952cd0000 - 0x00007ff952cfd000 	C:\WINDOWS\System32\IMM32.DLL
0x0000000050a80000 - 0x0000000050b52000 	C:\Tools\Android\Android Studio\jre\jre\bin\msvcr100.dll
0x0000000050b60000 - 0x000000005139e000 	C:\Tools\Android\Android Studio\jre\jre\bin\server\jvm.dll
0x00007ff952cc0000 - 0x00007ff952cc8000 	C:\WINDOWS\System32\PSAPI.DLL
0x00007ff94c290000 - 0x00007ff94c2b3000 	C:\WINDOWS\SYSTEM32\WINMM.dll
0x00007ff93a3b0000 - 0x00007ff93a3b9000 	C:\WINDOWS\SYSTEM32\WSOCK32.dll
0x00007ff9528d0000 - 0x00007ff95293c000 	C:\WINDOWS\System32\WS2_32.dll
0x00007ff94c260000 - 0x00007ff94c28a000 	C:\WINDOWS\SYSTEM32\winmmbase.dll
0x00007ff94f930000 - 0x00007ff94f979000 	C:\WINDOWS\System32\cfgmgr32.dll
0x00007ff93d1d0000 - 0x00007ff93d1da000 	C:\WINDOWS\SYSTEM32\VERSION.dll
0x00007ff9472b0000 - 0x00007ff9472bf000 	C:\Tools\Android\Android Studio\jre\jre\bin\verify.dll
0x00007ff942d70000 - 0x00007ff942d99000 	C:\Tools\Android\Android Studio\jre\jre\bin\java.dll
0x00007ff9468f0000 - 0x00007ff946906000 	C:\Tools\Android\Android Studio\jre\jre\bin\zip.dll
0x00007ff9511f0000 - 0x00007ff952630000 	C:\WINDOWS\System32\SHELL32.dll
0x00007ff952fc0000 - 0x00007ff953069000 	C:\WINDOWS\System32\shcore.dll
0x00007ff94fad0000 - 0x00007ff9501dd000 	C:\WINDOWS\System32\windows.storage.dll
0x00007ff952730000 - 0x00007ff952781000 	C:\WINDOWS\System32\shlwapi.dll
0x00007ff94f490000 - 0x00007ff94f4a1000 	C:\WINDOWS\System32\kernel.appcore.dll
0x00007ff94f460000 - 0x00007ff94f47f000 	C:\WINDOWS\System32\profapi.dll
0x00007ff94f410000 - 0x00007ff94f45c000 	C:\WINDOWS\System32\powrprof.dll
0x00007ff94f480000 - 0x00007ff94f48a000 	C:\WINDOWS\System32\FLTLIB.DLL
0x00007ff946720000 - 0x00007ff94673a000 	C:\Tools\Android\Android Studio\jre\jre\bin\net.dll
0x00007ff94ec30000 - 0x00007ff94ec96000 	C:\WINDOWS\system32\mswsock.dll
0x00007ff9428c0000 - 0x00007ff9428d1000 	C:\Tools\Android\Android Studio\jre\jre\bin\nio.dll
0x00007ff940830000 - 0x00007ff94084e000 	C:\Users\fred\.gradle\native\25\windows-amd64\native-platform.dll
0x00007ff946890000 - 0x00007ff94689d000 	C:\Tools\Android\Android Studio\jre\jre\bin\management.dll
0x00007ff94ee40000 - 0x00007ff94ee57000 	C:\WINDOWS\SYSTEM32\CRYPTSP.dll
0x00007ff94e810000 - 0x00007ff94e843000 	C:\WINDOWS\system32\rsaenh.dll
0x00007ff94ef70000 - 0x00007ff94ef95000 	C:\WINDOWS\SYSTEM32\bcrypt.dll
0x00007ff94f310000 - 0x00007ff94f338000 	C:\WINDOWS\SYSTEM32\USERENV.dll
0x00007ff94ee60000 - 0x00007ff94ee6b000 	C:\WINDOWS\SYSTEM32\CRYPTBASE.dll
0x00007ff94e9b0000 - 0x00007ff94e9e8000 	C:\WINDOWS\SYSTEM32\IPHLPAPI.DLL
0x00007ff950eb0000 - 0x00007ff950eb8000 	C:\WINDOWS\System32\NSI.dll
0x00007ff9470b0000 - 0x00007ff9470c6000 	C:\WINDOWS\SYSTEM32\dhcpcsvc6.DLL
0x00007ff946910000 - 0x00007ff94692a000 	C:\WINDOWS\SYSTEM32\dhcpcsvc.DLL
0x00007ff94e500000 - 0x00007ff94e531000 	C:\WINDOWS\SYSTEM32\ntmarta.dll

VM Arguments:
jvm_args: -XX:MaxPermSize=512m -XX:+HeapDumpOnOutOfMemoryError -Xmx2048m -Dfile.encoding=UTF-8 -Duser.country=FR -Duser.language=fr -Duser.variant 
java_command: org.gradle.launcher.daemon.bootstrap.GradleDaemon 4.1
java_class_path (initial): C:\Users\fred\.gradle\wrapper\dists\gradle-4.1-all\bzyivzo6n839fup2jbap0tjew\gradle-4.1\lib\gradle-launcher-4.1.jar
Launcher Type: SUN_STANDARD

Environment Variables:
PATH=C:\Program Files (x86)\Common Files\Oracle\Java\javapath;C:\ProgramData\Oracle\Java\javapath;C:\Program Files (x86)\Intel\iCLS Client\;C:\Program Files\Intel\iCLS Client\;C:\WINDOWS\system32;C:\WINDOWS;C:\WINDOWS\System32\Wbem;C:\WINDOWS\System32\WindowsPowerShell\v1.0\;C:\Program Files (x86)\Intel\Intel(R) Management Engine Components\DAL;C:\Program Files\Intel\Intel(R) Management Engine Components\DAL;C:\Program Files (x86)\Intel\Intel(R) Management Engine Components\IPT;C:\Program Files\Intel\Intel(R) Management Engine Components\IPT;C:\tools\Brackets\command;C:\tools\nodejs\;C:\ProgramData\ComposerSetup\bin;C:\wamp64\bin\php\php7.1.9;C:\tools\PuTTY\;C:\Program Files\Intel\WiFi\bin\;C:\Program Files\Common Files\Intel\WirelessCommon\;C:\WINDOWS\System32\OpenSSH\;C:\Users\fred\AppData\Local\Microsoft\WindowsApps;C:\tools\VisualStudio Code\bin;C:\Tools;C:\Users\fred\AppData\Roaming\npm;C:\Users\fred\AppData\Roaming\Composer\vendor\bin;C:\Program Files\Intel\WiFi\bin\;C:\Program Files\Common Files\Intel\WirelessCommon\;
USERNAME=fred
OS=Windows_NT
PROCESSOR_IDENTIFIER=Intel64 Family 6 Model 142 Stepping 9, GenuineIntel



---------------  S Y S T E M  ---------------

OS: Windows 10.0 , 64 bit Build 17134 (10.0.17134.1)

CPU:total 4 (initial active 4) (2 cores per cpu, 2 threads per core) family 6 model 142 stepping 9, cmov, cx8, fxsr, mmx, sse, sse2, sse3, ssse3, sse4.1, sse4.2, popcnt, avx, avx2, aes, clmul, erms, 3dnowpref, lzcnt, ht, tsc, tscinvbit, bmi1, bmi2, adx

Memory: 4k page, physical 4066916k(354184k free), swap 6213220k(5144k free)

vm_info: OpenJDK 64-Bit Server VM (25.152-b01) for windows-amd64 JRE (1.8.0_152-release-915-b01), built by "builder" with MS VC++ 10.0 (VS2010)

time: Tue Jul 10 12:29:14 2018
elapsed time: 73 seconds (0d 0h 1m 13s)

