#
# There is insufficient memory for the Java Runtime Environment to continue.
# Native memory allocation (malloc) failed to allocate 326576 bytes for Chunk::new
# Possible reasons:
#   The system is out of physical RAM or swap space
#   In 32 bit mode, the process size limit was hit
# Possible solutions:
#   Reduce memory load on the system
#   Increase physical memory or swap space
#   Check if swap backing store is full
#   Use 64 bit Java on a 64 bit OS
#   Decrease Java heap size (-Xmx/-Xms)
#   Decrease number of Java threads
#   Decrease Java thread stack sizes (-Xss)
#   Set larger code cache with -XX:ReservedCodeCacheSize=
# This output file may be truncated or incomplete.
#
#  Out of Memory Error (allocation.cpp:390), pid=5068, tid=0x0000000000001ab8
#
# JRE version: OpenJDK Runtime Environment (8.0_152-b01) (build 1.8.0_152-release-915-b01)
# Java VM: OpenJDK 64-Bit Server VM (25.152-b01 mixed mode windows-amd64 compressed oops)
# Failed to write core dump. Minidumps are not enabled by default on client versions of Windows
#

---------------  T H R E A D  ---------------

Current thread (0x0000000017d42000):  JavaThread "C2 CompilerThread1" daemon [_thread_in_native, id=6840, stack(0x00000000194c0000,0x00000000195c0000)]

Stack: [0x00000000194c0000,0x00000000195c0000]
[error occurred during error reporting (printing stack bounds), id 0xc0000005]

Native frames: (J=compiled Java code, j=interpreted, Vv=VM code, C=native code)


Current CompileTask:
C2:  16618 7549   !   4       java.io.ObjectOutputStream::writeObject0 (619 bytes)


---------------  P R O C E S S  ---------------

Java Threads: ( => current thread )
  0x000000001e3e0800 JavaThread "Memory manager" [_thread_blocked, id=9308, stack(0x0000000022590000,0x0000000022690000)]
  0x000000001e3df800 JavaThread "build operations Thread 4" [_thread_blocked, id=8844, stack(0x0000000021e90000,0x0000000021f90000)]
  0x000000001e3df000 JavaThread "build operations Thread 3" [_thread_blocked, id=348, stack(0x0000000021d90000,0x0000000021e90000)]
  0x000000001e3de000 JavaThread "build operations Thread 2" [_thread_blocked, id=8276, stack(0x0000000021c90000,0x0000000021d90000)]
  0x000000001e3d9000 JavaThread "build operations" [_thread_blocked, id=9904, stack(0x00000000213f0000,0x00000000214f0000)]
  0x000000001e625800 JavaThread "Cache worker for Artifact transforms cache (C:\Users\fred\.gradle\caches\transforms-1)" [_thread_blocked, id=5476, stack(0x0000000020230000,0x0000000020330000)]
  0x000000001b44c800 JavaThread "Cache worker for file hash cache (C:\Tools\Android\Projets\.gradle\4.1\fileHashes)" [_thread_blocked, id=9524, stack(0x000000001d940000,0x000000001da40000)]
  0x000000001b0f2800 JavaThread "File lock request listener" [_thread_in_native, id=3512, stack(0x000000001d840000,0x000000001d940000)]
  0x000000001ac1f800 JavaThread "Cache worker for file hash cache (C:\Users\fred\.gradle\caches\4.1\fileHashes)" [_thread_blocked, id=6632, stack(0x000000001d540000,0x000000001d640000)]
  0x000000001ab72800 JavaThread "Stdin handler" [_thread_blocked, id=1608, stack(0x000000001d440000,0x000000001d540000)]
  0x000000001ab83800 JavaThread "Asynchronous log dispatcher for DefaultDaemonConnection: socket connection from /127.0.0.1:2279 to /127.0.0.1:2280" [_thread_in_native, id=4520, stack(0x000000001d340000,0x000000001d440000)]
  0x000000001ab6d800 JavaThread "Daemon worker" [_thread_in_native, id=5200, stack(0x000000001d240000,0x000000001d340000)]
  0x000000001ab76000 JavaThread "Cancel handler" [_thread_blocked, id=9700, stack(0x000000001d140000,0x000000001d240000)]
  0x000000001b60c000 JavaThread "Handler for socket connection from /127.0.0.1:2279 to /127.0.0.1:2280" [_thread_in_native, id=9612, stack(0x000000001ce40000,0x000000001cf40000)]
  0x000000001b60b000 JavaThread "Daemon" [_thread_blocked, id=9624, stack(0x000000001cd40000,0x000000001ce40000)]
  0x000000001b1c5000 JavaThread "Daemon periodic checks" [_thread_blocked, id=9736, stack(0x000000001cc40000,0x000000001cd40000)]
  0x000000001b0bc800 JavaThread "Incoming local TCP Connector on port 2279" [_thread_in_native, id=10016, stack(0x000000001b490000,0x000000001b590000)]
  0x00000000196f0800 JavaThread "Service Thread" daemon [_thread_blocked, id=8428, stack(0x0000000019ac0000,0x0000000019bc0000)]
  0x0000000017d47000 JavaThread "C1 CompilerThread2" daemon [_thread_blocked, id=5452, stack(0x00000000195c0000,0x00000000196c0000)]
=>0x0000000017d42000 JavaThread "C2 CompilerThread1" daemon [_thread_in_native, id=6840, stack(0x00000000194c0000,0x00000000195c0000)]
  0x0000000017d3c800 JavaThread "C2 CompilerThread0" daemon [_thread_in_native, id=9824, stack(0x00000000193c0000,0x00000000194c0000)]
  0x0000000017d3b000 JavaThread "Attach Listener" daemon [_thread_blocked, id=5980, stack(0x00000000192c0000,0x00000000193c0000)]
  0x0000000017d3a000 JavaThread "Signal Dispatcher" daemon [_thread_blocked, id=9536, stack(0x00000000191c0000,0x00000000192c0000)]
  0x0000000002f3d000 JavaThread "Finalizer" daemon [_thread_blocked, id=5736, stack(0x0000000018fa0000,0x00000000190a0000)]
  0x0000000002f31000 JavaThread "Reference Handler" daemon [_thread_blocked, id=1900, stack(0x0000000018ea0000,0x0000000018fa0000)]
  0x0000000002e43000 JavaThread "main" [_thread_blocked, id=5064, stack(0x0000000001530000,0x0000000001630000)]

Other Threads:
  0x0000000017d05800 VMThread [stack: 0x0000000018da0000,0x0000000018ea0000] [id=1840]
  0x0000000019701000 WatcherThread [stack: 0x0000000019bc0000,0x0000000019cc0000] [id=1340]

VM state:not at safepoint (normal execution)

VM Mutex/Monitor currently owned by a thread: None

Heap:
 PSYoungGen      total 112128K, used 105928K [0x00000000d5580000, 0x00000000dfb00000, 0x0000000100000000)
  eden space 96768K, 93% used [0x00000000d5580000,0x00000000dae15530,0x00000000db400000)
  from space 15360K, 99% used [0x00000000db400000,0x00000000dc2dcb78,0x00000000dc300000)
  to   space 17920K, 0% used [0x00000000de980000,0x00000000de980000,0x00000000dfb00000)
 ParOldGen       total 57856K, used 29594K [0x0000000080000000, 0x0000000083880000, 0x00000000d5580000)
  object space 57856K, 51% used [0x0000000080000000,0x0000000081ce6ad8,0x0000000083880000)
 Metaspace       used 55637K, capacity 57778K, committed 58072K, reserved 1099776K
  class space    used 7624K, capacity 8176K, committed 8192K, reserved 1048576K

Card table byte_map: [0x00000000125e0000,0x00000000129f0000] byte_map_base: 0x00000000121e0000

Marking Bits: (ParMarkBitMap*) 0x000000006a9a3950
 Begin Bits: [0x0000000012fa0000, 0x0000000014fa0000)
 End Bits:   [0x0000000014fa0000, 0x0000000016fa0000)

Polling page: 0x0000000001020000

CodeCache: size=245760Kb used=22697Kb max_used=22697Kb free=223062Kb
 bounds [0x0000000003220000, 0x0000000004860000, 0x0000000012220000]
 total_blobs=7523 nmethods=6765 adapters=671
 compilation: enabled

Compilation events (10 events):
Event: 16.538 Thread 0x0000000017d47000 7566       3       org.gradle.internal.component.model.DefaultCompatibilityCheckResult::compatible (11 bytes)
Event: 16.538 Thread 0x0000000017d47000 nmethod 7566 0x000000000485cd90 code [0x000000000485cee0, 0x000000000485d030]
Event: 16.540 Thread 0x0000000017d47000 7567       3       org.gradle.api.internal.artifacts.ivyservice.resolveengine.artifact.ArtifactBackedResolvedVariant::isFromIncludedBuild (42 bytes)
Event: 16.540 Thread 0x0000000017d47000 nmethod 7567 0x000000000485d0d0 code [0x000000000485d260, 0x000000000485d808]
Event: 16.540 Thread 0x0000000017d47000 7568   !   3       org.gradle.api.internal.artifacts.ivyservice.resolveengine.artifact.ArtifactBackedResolvedVariant$DownloadArtifactFile::run (50 bytes)
Event: 16.541 Thread 0x0000000017d47000 nmethod 7568 0x000000000485da10 code [0x000000000485dba0, 0x000000000485dff8]
Event: 16.595 Thread 0x0000000017d47000 7569       3       org.gradle.internal.operations.DefaultBuildOperationQueue$WorkerRunnable::access$700 (5 bytes)
Event: 16.595 Thread 0x0000000017d47000 nmethod 7569 0x000000000485e2d0 code [0x000000000485e440, 0x000000000485e5a8]
Event: 16.595 Thread 0x0000000017d47000 7570       3       org.gradle.api.internal.artifacts.DefaultResolvedArtifact::toString (10 bytes)
Event: 16.595 Thread 0x0000000017d47000 nmethod 7570 0x000000000485e690 code [0x000000000485e800, 0x000000000485ea28]

GC Heap History (10 events):
Event: 10.226 GC heap before
{Heap before GC invocations=13 (full 2):
 PSYoungGen      total 70656K, used 9719K [0x00000000d5580000, 0x00000000db680000, 0x0000000100000000)
  eden space 60928K, 0% used [0x00000000d5580000,0x00000000d5580000,0x00000000d9100000)
  from space 9728K, 99% used [0x00000000d9100000,0x00000000d9a7de78,0x00000000d9a80000)
  to   space 11264K, 0% used [0x00000000dab80000,0x00000000dab80000,0x00000000db680000)
 ParOldGen       total 36864K, used 9741K [0x0000000080000000, 0x0000000082400000, 0x00000000d5580000)
  object space 36864K, 26% used [0x0000000080000000,0x0000000080983798,0x0000000082400000)
 Metaspace       used 34370K, capacity 35188K, committed 35416K, reserved 1079296K
  class space    used 4687K, capacity 4974K, committed 4992K, reserved 1048576K
Event: 10.307 GC heap after
Heap after GC invocations=13 (full 2):
 PSYoungGen      total 70656K, used 0K [0x00000000d5580000, 0x00000000db680000, 0x0000000100000000)
  eden space 60928K, 0% used [0x00000000d5580000,0x00000000d5580000,0x00000000d9100000)
  from space 9728K, 0% used [0x00000000d9100000,0x00000000d9100000,0x00000000d9a80000)
  to   space 11264K, 0% used [0x00000000dab80000,0x00000000dab80000,0x00000000db680000)
 ParOldGen       total 57856K, used 16233K [0x0000000080000000, 0x0000000083880000, 0x00000000d5580000)
  object space 57856K, 28% used [0x0000000080000000,0x0000000080fda790,0x0000000083880000)
 Metaspace       used 34370K, capacity 35188K, committed 35416K, reserved 1079296K
  class space    used 4687K, capacity 4974K, committed 4992K, reserved 1048576K
}
Event: 10.987 GC heap before
{Heap before GC invocations=14 (full 2):
 PSYoungGen      total 70656K, used 60928K [0x00000000d5580000, 0x00000000db680000, 0x0000000100000000)
  eden space 60928K, 100% used [0x00000000d5580000,0x00000000d9100000,0x00000000d9100000)
  from space 9728K, 0% used [0x00000000d9100000,0x00000000d9100000,0x00000000d9a80000)
  to   space 11264K, 0% used [0x00000000dab80000,0x00000000dab80000,0x00000000db680000)
 ParOldGen       total 57856K, used 16233K [0x0000000080000000, 0x0000000083880000, 0x00000000d5580000)
  object space 57856K, 28% used [0x0000000080000000,0x0000000080fda790,0x0000000083880000)
 Metaspace       used 38739K, capacity 39496K, committed 39896K, reserved 1083392K
  class space    used 5231K, capacity 5559K, committed 5632K, reserved 1048576K
Event: 10.994 GC heap after
Heap after GC invocations=14 (full 2):
 PSYoungGen      total 88064K, used 5180K [0x00000000d5580000, 0x00000000db600000, 0x0000000100000000)
  eden space 77312K, 0% used [0x00000000d5580000,0x00000000d5580000,0x00000000da100000)
  from space 10752K, 48% used [0x00000000dab80000,0x00000000db08f240,0x00000000db600000)
  to   space 10752K, 0% used [0x00000000da100000,0x00000000da100000,0x00000000dab80000)
 ParOldGen       total 57856K, used 16241K [0x0000000080000000, 0x0000000083880000, 0x00000000d5580000)
  object space 57856K, 28% used [0x0000000080000000,0x0000000080fdc790,0x0000000083880000)
 Metaspace       used 38739K, capacity 39496K, committed 39896K, reserved 1083392K
  class space    used 5231K, capacity 5559K, committed 5632K, reserved 1048576K
}
Event: 12.263 GC heap before
{Heap before GC invocations=15 (full 2):
 PSYoungGen      total 88064K, used 82492K [0x00000000d5580000, 0x00000000db600000, 0x0000000100000000)
  eden space 77312K, 100% used [0x00000000d5580000,0x00000000da100000,0x00000000da100000)
  from space 10752K, 48% used [0x00000000dab80000,0x00000000db08f240,0x00000000db600000)
  to   space 10752K, 0% used [0x00000000da100000,0x00000000da100000,0x00000000dab80000)
 ParOldGen       total 57856K, used 16241K [0x0000000080000000, 0x0000000083880000, 0x00000000d5580000)
  object space 57856K, 28% used [0x0000000080000000,0x0000000080fdc790,0x0000000083880000)
 Metaspace       used 46648K, capacity 47716K, committed 47960K, reserved 1091584K
  class space    used 6283K, capacity 6660K, committed 6784K, reserved 1048576K
Event: 12.281 GC heap after
Heap after GC invocations=15 (full 2):
 PSYoungGen      total 88064K, used 10725K [0x00000000d5580000, 0x00000000dcf80000, 0x0000000100000000)
  eden space 77312K, 0% used [0x00000000d5580000,0x00000000d5580000,0x00000000da100000)
  from space 10752K, 99% used [0x00000000da100000,0x00000000dab79578,0x00000000dab80000)
  to   space 12800K, 0% used [0x00000000dc300000,0x00000000dc300000,0x00000000dcf80000)
 ParOldGen       total 57856K, used 17652K [0x0000000080000000, 0x0000000083880000, 0x00000000d5580000)
  object space 57856K, 30% used [0x0000000080000000,0x000000008113d280,0x0000000083880000)
 Metaspace       used 46648K, capacity 47716K, committed 47960K, reserved 1091584K
  class space    used 6283K, capacity 6660K, committed 6784K, reserved 1048576K
}
Event: 13.318 GC heap before
{Heap before GC invocations=16 (full 2):
 PSYoungGen      total 88064K, used 88037K [0x00000000d5580000, 0x00000000dcf80000, 0x0000000100000000)
  eden space 77312K, 100% used [0x00000000d5580000,0x00000000da100000,0x00000000da100000)
  from space 10752K, 99% used [0x00000000da100000,0x00000000dab79578,0x00000000dab80000)
  to   space 12800K, 0% used [0x00000000dc300000,0x00000000dc300000,0x00000000dcf80000)
 ParOldGen       total 57856K, used 17652K [0x0000000080000000, 0x0000000083880000, 0x00000000d5580000)
  object space 57856K, 30% used [0x0000000080000000,0x000000008113d280,0x0000000083880000)
 Metaspace       used 51453K, capacity 53198K, committed 53336K, reserved 1095680K
  class space    used 6989K, capacity 7491K, committed 7552K, reserved 1048576K
Event: 13.344 GC heap after
Heap after GC invocations=16 (full 2):
 PSYoungGen      total 109568K, used 12791K [0x00000000d5580000, 0x00000000dd780000, 0x0000000100000000)
  eden space 96768K, 0% used [0x00000000d5580000,0x00000000d5580000,0x00000000db400000)
  from space 12800K, 99% used [0x00000000dc300000,0x00000000dcf7dc68,0x00000000dcf80000)
  to   space 15360K, 0% used [0x00000000db400000,0x00000000db400000,0x00000000dc300000)
 ParOldGen       total 57856K, used 20713K [0x0000000080000000, 0x0000000083880000, 0x00000000d5580000)
  object space 57856K, 35% used [0x0000000080000000,0x000000008143a7a0,0x0000000083880000)
 Metaspace       used 51453K, capacity 53198K, committed 53336K, reserved 1095680K
  class space    used 6989K, capacity 7491K, committed 7552K, reserved 1048576K
}
Event: 14.272 GC heap before
{Heap before GC invocations=17 (full 2):
 PSYoungGen      total 109568K, used 109559K [0x00000000d5580000, 0x00000000dd780000, 0x0000000100000000)
  eden space 96768K, 100% used [0x00000000d5580000,0x00000000db400000,0x00000000db400000)
  from space 12800K, 99% used [0x00000000dc300000,0x00000000dcf7dc68,0x00000000dcf80000)
  to   space 15360K, 0% used [0x00000000db400000,0x00000000db400000,0x00000000dc300000)
 ParOldGen       total 57856K, used 20713K [0x0000000080000000, 0x0000000083880000, 0x00000000d5580000)
  object space 57856K, 35% used [0x0000000080000000,0x000000008143a7a0,0x0000000083880000)
 Metaspace       used 54113K, capacity 56260K, committed 56408K, reserved 1097728K
  class space    used 7440K, capacity 7966K, committed 8064K, reserved 1048576K
Event: 14.312 GC heap after
Heap after GC invocations=17 (full 2):
 PSYoungGen      total 112128K, used 15218K [0x00000000d5580000, 0x00000000dfb00000, 0x0000000100000000)
  eden space 96768K, 0% used [0x00000000d5580000,0x00000000d5580000,0x00000000db400000)
  from space 15360K, 99% used [0x00000000db400000,0x00000000dc2dcb78,0x00000000dc300000)
  to   space 17920K, 0% used [0x00000000de980000,0x00000000de980000,0x00000000dfb00000)
 ParOldGen       total 57856K, used 29594K [0x0000000080000000, 0x0000000083880000, 0x00000000d5580000)
  object space 57856K, 51% used [0x0000000080000000,0x0000000081ce6ad8,0x0000000083880000)
 Metaspace       used 54113K, capacity 56260K, committed 56408K, reserved 1097728K
  class space    used 7440K, capacity 7966K, committed 8064K, reserved 1048576K
}

Deoptimization events (10 events):
Event: 15.023 Thread 0x000000001ab6d800 Uncommon trap: reason=class_check action=maybe_recompile pc=0x0000000003eeee80 method=com.google.common.collect.AbstractMapBasedMultimap$WrappedCollection.refreshIfEmpty()V @ 59
Event: 15.023 Thread 0x000000001ab6d800 Uncommon trap: reason=class_check action=maybe_recompile pc=0x00000000044b3cbc method=com.google.common.collect.AbstractMapBasedMultimap$WrappedCollection.refreshIfEmpty()V @ 59
Event: 15.023 Thread 0x000000001ab6d800 Uncommon trap: reason=class_check action=maybe_recompile pc=0x0000000003eeee80 method=com.google.common.collect.AbstractMapBasedMultimap$WrappedCollection.refreshIfEmpty()V @ 59
Event: 15.096 Thread 0x000000001ab6d800 Uncommon trap: reason=unstable_if action=reinterpret pc=0x00000000039dd558 method=java.lang.String.regionMatches(ZILjava/lang/String;II)Z @ 102
Event: 15.109 Thread 0x000000001e3d9000 Uncommon trap: reason=unstable_if action=reinterpret pc=0x00000000033a0cb8 method=com.esotericsoftware.kryo.io.Output.writeString(Ljava/lang/CharSequence;)V @ 1
Event: 15.439 Thread 0x000000001e3df000 Uncommon trap: reason=unstable_if action=reinterpret pc=0x0000000003a997e8 method=java.util.concurrent.ConcurrentHashMap.addCount(JI)V @ 34
Event: 15.441 Thread 0x000000001e3de000 Uncommon trap: reason=unstable_if action=reinterpret pc=0x000000000373d170 method=java.util.concurrent.ConcurrentHashMap.addCount(JI)V @ 7
Event: 15.731 Thread 0x000000001ab6d800 Uncommon trap: reason=unstable_if action=reinterpret pc=0x0000000003f979dc method=java.util.LinkedHashMap.afterNodeInsertion(Z)V @ 18
Event: 15.734 Thread 0x000000001ab6d800 Uncommon trap: reason=bimorphic action=maybe_recompile pc=0x000000000373c6a0 method=com.google.common.collect.Iterators$5.hasNext()Z @ 24
Event: 15.734 Thread 0x000000001ab6d800 Uncommon trap: reason=bimorphic action=maybe_recompile pc=0x000000000373c6a0 method=com.google.common.collect.Iterators$5.hasNext()Z @ 24

Classes redefined (0 events):
No events

Internal exceptions (10 events):
Event: 14.595 Thread 0x000000001ab6d800 Exception <a 'java/lang/ClassNotFoundException': org/jetbrains/plugins/gradle/model/DefaultExternalPluginBeanInfo> (0x00000000d869e1b0) thrown at [D:\src\AOSP-openjdk-cygwin\jdk8u\hotspot\src\share\vm\classfile\systemDictionary.cpp, line 210]
Event: 14.595 Thread 0x000000001ab6d800 Exception <a 'java/lang/ClassNotFoundException': org/jetbrains/plugins/gradle/model/DefaultExternalPluginCustomizer> (0x00000000d86ad488) thrown at [D:\src\AOSP-openjdk-cygwin\jdk8u\hotspot\src\share\vm\classfile\systemDictionary.cpp, line 210]
Event: 14.599 Thread 0x000000001ab6d800 Exception <a 'java/lang/ClassNotFoundException': org/gradle/api/internal/artifacts/DefaultPublishArtifactSetBeanInfo> (0x00000000d8701fe8) thrown at [D:\src\AOSP-openjdk-cygwin\jdk8u\hotspot\src\share\vm\classfile\systemDictionary.cpp, line 210]
Event: 14.600 Thread 0x000000001ab6d800 Exception <a 'java/lang/ClassNotFoundException': org/gradle/api/internal/artifacts/DefaultPublishArtifactSetCustomizer> (0x00000000d8727ad8) thrown at [D:\src\AOSP-openjdk-cygwin\jdk8u\hotspot\src\share\vm\classfile\systemDictionary.cpp, line 210]
Event: 14.602 Thread 0x000000001ab6d800 Exception <a 'java/lang/ClassNotFoundException': org/gradle/api/internal/file/DefaultFileCollectionFactory$1BeanInfo> (0x00000000d8760e98) thrown at [D:\src\AOSP-openjdk-cygwin\jdk8u\hotspot\src\share\vm\classfile\systemDictionary.cpp, line 210]
Event: 14.602 Thread 0x000000001ab6d800 Exception <a 'java/lang/ClassNotFoundException': org/gradle/api/internal/file/collections/FileCollectionAdapterBeanInfo> (0x00000000d8775d60) thrown at [D:\src\AOSP-openjdk-cygwin\jdk8u\hotspot\src\share\vm\classfile\systemDictionary.cpp, line 210]
Event: 14.602 Thread 0x000000001ab6d800 Exception <a 'java/lang/ClassNotFoundException': org/gradle/api/internal/file/collections/FileCollectionAdapterCustomizer> (0x00000000d878b3a0) thrown at [D:\src\AOSP-openjdk-cygwin\jdk8u\hotspot\src\share\vm\classfile\systemDictionary.cpp, line 210]
Event: 14.603 Thread 0x000000001ab6d800 Exception <a 'java/lang/ClassNotFoundException': org/gradle/api/internal/file/DefaultFileCollectionFactory$1Customizer> (0x00000000d87a9248) thrown at [D:\src\AOSP-openjdk-cygwin\jdk8u\hotspot\src\share\vm\classfile\systemDictionary.cpp, line 210]
Event: 14.746 Thread 0x000000001ab6d800 Implicit null exception at 0x0000000003e95237 to 0x0000000003e959fd
Event: 15.109 Thread 0x000000001e3d9000 Implicit null exception at 0x00000000033a09f0 to 0x00000000033a0ca5

Events (10 events):
Event: 15.834 Thread 0x000000001ab6d800 DEOPT PACKING pc=0x0000000003de2a86 sp=0x000000001d33a390
Event: 15.834 Thread 0x000000001ab6d800 DEOPT UNPACKING pc=0x00000000032675bf sp=0x000000001d33a1b0 mode 0
Event: 15.912 Thread 0x000000001ab6d800 DEOPT PACKING pc=0x0000000003dd9680 sp=0x000000001d33a240
Event: 15.912 Thread 0x000000001ab6d800 DEOPT UNPACKING pc=0x00000000032675bf sp=0x000000001d33a138 mode 0
Event: 15.927 Thread 0x000000001ab6d800 DEOPT PACKING pc=0x0000000003e542d9 sp=0x000000001d339ad0
Event: 15.927 Thread 0x000000001ab6d800 DEOPT UNPACKING pc=0x00000000032675bf sp=0x000000001d339878 mode 0
Event: 16.016 loading class java/util/AbstractList$1
Event: 16.016 loading class java/util/AbstractList$1 done
Event: 16.310 Executing VM operation: ForceSafepoint
Event: 16.310 Executing VM operation: ForceSafepoint done


Dynamic libraries:
0x00007ff70be80000 - 0x00007ff70beb1000 	C:\Tools\Android\Android Studio\jre\bin\java.exe
0x00007ff987c20000 - 0x00007ff987e01000 	C:\WINDOWS\SYSTEM32\ntdll.dll
0x00007ff985b80000 - 0x00007ff985c32000 	C:\WINDOWS\System32\KERNEL32.DLL
0x00007ff983ff0000 - 0x00007ff984263000 	C:\WINDOWS\System32\KERNELBASE.dll
0x00007ff982290000 - 0x00007ff98231b000 	C:\WINDOWS\SYSTEM32\apphelp.dll
0x00007ff9879d0000 - 0x00007ff987a71000 	C:\WINDOWS\System32\ADVAPI32.dll
0x00007ff985c40000 - 0x00007ff985cde000 	C:\WINDOWS\System32\msvcrt.dll
0x00007ff985cf0000 - 0x00007ff985d4b000 	C:\WINDOWS\System32\sechost.dll
0x00007ff985730000 - 0x00007ff985854000 	C:\WINDOWS\System32\RPCRT4.dll
0x00007ff9850e0000 - 0x00007ff985270000 	C:\WINDOWS\System32\USER32.dll
0x00007ff985040000 - 0x00007ff985060000 	C:\WINDOWS\System32\win32u.dll
0x00007ff9850b0000 - 0x00007ff9850d8000 	C:\WINDOWS\System32\GDI32.dll
0x00007ff984480000 - 0x00007ff984612000 	C:\WINDOWS\System32\gdi32full.dll
0x00007ff984f20000 - 0x00007ff984fbf000 	C:\WINDOWS\System32\msvcp_win.dll
0x00007ff984380000 - 0x00007ff98447a000 	C:\WINDOWS\System32\ucrtbase.dll
0x00007ff976460000 - 0x00007ff9766c9000 	C:\WINDOWS\WinSxS\amd64_microsoft.windows.common-controls_6595b64144ccf1df_6.0.17134.137_none_fb44974530639b67\COMCTL32.dll
0x00007ff9876a0000 - 0x00007ff9879c3000 	C:\WINDOWS\System32\combase.dll
0x00007ff984fc0000 - 0x00007ff98503a000 	C:\WINDOWS\System32\bcryptPrimitives.dll
0x00007ff985ad0000 - 0x00007ff985afd000 	C:\WINDOWS\System32\IMM32.DLL
0x000000006a100000 - 0x000000006a1d2000 	C:\Tools\Android\Android Studio\jre\jre\bin\msvcr100.dll
0x000000006a1e0000 - 0x000000006aa1e000 	C:\Tools\Android\Android Studio\jre\jre\bin\server\jvm.dll
0x00007ff985ce0000 - 0x00007ff985ce8000 	C:\WINDOWS\System32\PSAPI.DLL
0x00007ff971c60000 - 0x00007ff971c6a000 	C:\WINDOWS\SYSTEM32\VERSION.dll
0x00007ff96e700000 - 0x00007ff96e709000 	C:\WINDOWS\SYSTEM32\WSOCK32.dll
0x00007ff982080000 - 0x00007ff9820a3000 	C:\WINDOWS\SYSTEM32\WINMM.dll
0x00007ff9855f0000 - 0x00007ff98565c000 	C:\WINDOWS\System32\WS2_32.dll
0x00007ff981c30000 - 0x00007ff981c5a000 	C:\WINDOWS\SYSTEM32\WINMMBASE.dll
0x00007ff985060000 - 0x00007ff9850a9000 	C:\WINDOWS\System32\cfgmgr32.dll
0x00007ff97e260000 - 0x00007ff97e26f000 	C:\Tools\Android\Android Studio\jre\jre\bin\verify.dll
0x00007ff96e530000 - 0x00007ff96e559000 	C:\Tools\Android\Android Studio\jre\jre\bin\java.dll
0x00007ff96e410000 - 0x00007ff96e426000 	C:\Tools\Android\Android Studio\jre\jre\bin\zip.dll
0x00007ff986260000 - 0x00007ff9876a0000 	C:\WINDOWS\System32\SHELL32.dll
0x00007ff985390000 - 0x00007ff985439000 	C:\WINDOWS\System32\shcore.dll
0x00007ff984810000 - 0x00007ff984f1d000 	C:\WINDOWS\System32\windows.storage.dll
0x00007ff985b00000 - 0x00007ff985b51000 	C:\WINDOWS\System32\shlwapi.dll
0x00007ff983f90000 - 0x00007ff983fa1000 	C:\WINDOWS\System32\kernel.appcore.dll
0x00007ff983fd0000 - 0x00007ff983fef000 	C:\WINDOWS\System32\profapi.dll
0x00007ff983f40000 - 0x00007ff983f8c000 	C:\WINDOWS\System32\powrprof.dll
0x00007ff983f30000 - 0x00007ff983f3a000 	C:\WINDOWS\System32\FLTLIB.DLL
0x00007ff96b7c0000 - 0x00007ff96b7da000 	C:\Tools\Android\Android Studio\jre\jre\bin\net.dll
0x00007ff983750000 - 0x00007ff9837b6000 	C:\WINDOWS\system32\mswsock.dll
0x00007ff96b7a0000 - 0x00007ff96b7b1000 	C:\Tools\Android\Android Studio\jre\jre\bin\nio.dll
0x00007ff96b120000 - 0x00007ff96b13e000 	C:\Users\fred\.gradle\native\25\windows-amd64\native-platform.dll
0x00007ff97e250000 - 0x00007ff97e25d000 	C:\Tools\Android\Android Studio\jre\jre\bin\management.dll
0x00007ff983910000 - 0x00007ff983927000 	C:\WINDOWS\SYSTEM32\CRYPTSP.dll
0x00007ff983330000 - 0x00007ff983363000 	C:\WINDOWS\system32\rsaenh.dll
0x00007ff983a30000 - 0x00007ff983a55000 	C:\WINDOWS\SYSTEM32\bcrypt.dll
0x00007ff983e30000 - 0x00007ff983e58000 	C:\WINDOWS\SYSTEM32\USERENV.dll
0x00007ff983900000 - 0x00007ff98390b000 	C:\WINDOWS\SYSTEM32\CRYPTBASE.dll
0x00007ff9834d0000 - 0x00007ff983508000 	C:\WINDOWS\SYSTEM32\IPHLPAPI.DLL
0x00007ff9855e0000 - 0x00007ff9855e8000 	C:\WINDOWS\System32\NSI.dll
0x00007ff97d6b0000 - 0x00007ff97d6c6000 	C:\WINDOWS\SYSTEM32\dhcpcsvc6.DLL
0x00007ff97db90000 - 0x00007ff97dbaa000 	C:\WINDOWS\SYSTEM32\dhcpcsvc.DLL

VM Arguments:
jvm_args: -XX:MaxPermSize=512m -XX:+HeapDumpOnOutOfMemoryError -Xmx2048m -Dfile.encoding=UTF-8 -Duser.country=FR -Duser.language=fr -Duser.variant 
java_command: org.gradle.launcher.daemon.bootstrap.GradleDaemon 4.1
java_class_path (initial): C:\Users\fred\.gradle\wrapper\dists\gradle-4.1-all\bzyivzo6n839fup2jbap0tjew\gradle-4.1\lib\gradle-launcher-4.1.jar
Launcher Type: SUN_STANDARD

Environment Variables:
PATH=C:\Program Files (x86)\Common Files\Oracle\Java\javapath;C:\ProgramData\Oracle\Java\javapath;C:\Program Files (x86)\Intel\iCLS Client\;C:\Program Files\Intel\iCLS Client\;C:\WINDOWS\system32;C:\WINDOWS;C:\WINDOWS\System32\Wbem;C:\WINDOWS\System32\WindowsPowerShell\v1.0\;C:\Program Files (x86)\Intel\Intel(R) Management Engine Components\DAL;C:\Program Files\Intel\Intel(R) Management Engine Components\DAL;C:\Program Files (x86)\Intel\Intel(R) Management Engine Components\IPT;C:\Program Files\Intel\Intel(R) Management Engine Components\IPT;C:\tools\Brackets\command;C:\tools\nodejs\;C:\ProgramData\ComposerSetup\bin;C:\wamp64\bin\php\php7.1.9;C:\tools\PuTTY\;C:\Program Files\Intel\WiFi\bin\;C:\Program Files\Common Files\Intel\WirelessCommon\;C:\WINDOWS\System32\OpenSSH\;C:\Users\fred\AppData\Local\Microsoft\WindowsApps;C:\tools\VisualStudio Code\bin;C:\Tools;C:\Users\fred\AppData\Roaming\npm;C:\Users\fred\AppData\Roaming\Composer\vendor\bin;C:\Program Files\Intel\WiFi\bin\;C:\Program Files\Common Files\Intel\WirelessCommon\;
USERNAME=fred
OS=Windows_NT
PROCESSOR_IDENTIFIER=Intel64 Family 6 Model 142 Stepping 9, GenuineIntel



---------------  S Y S T E M  ---------------

OS: Windows 10.0 , 64 bit Build 17134 (10.0.17134.1)

CPU:total 4 (initial active 4) (2 cores per cpu, 2 threads per core) family 6 model 142 stepping 9, cmov, cx8, fxsr, mmx, sse, sse2, sse3, ssse3, sse4.1, sse4.2, popcnt, avx, avx2, aes, clmul, erms, 3dnowpref, lzcnt, ht, tsc, tscinvbit, bmi1, bmi2, adx

Memory: 4k page, physical 4066916k(383600k free), swap 6213220k(4216k free)

vm_info: OpenJDK 64-Bit Server VM (25.152-b01) for windows-amd64 JRE (1.8.0_152-release-915-b01), built by "builder" with MS VC++ 10.0 (VS2010)

time: Mon Jul 09 16:24:46 2018
elapsed time: 16 seconds (0d 0h 0m 16s)

